2018-06-24 10:26:42 [127.0.0.1][1][abch1b0e306c6g8aqefa54tlo2][error][yii\base\ErrorException:8] yii\base\ErrorException: Trying to get property of non-object in C:\Users\Administrator\Desktop\web\lottery\common\models\LoginForm.php:120
Stack trace:
#0 C:\Users\Administrator\Desktop\web\lottery\common\models\LoginForm.php(120): yii\base\ErrorHandler->handleError(8, 'Trying to get p...', 'C:\\Users\\Admini...', 120, Array)
#1 C:\Users\Administrator\Desktop\web\lottery\common\models\LoginForm.php(93): common\models\LoginForm->getIPLoc_sina('127.0.0.1')
#2 C:\Users\Administrator\Desktop\web\lottery\backend\controllers\SiteController.php(104): common\models\LoginForm->loginLog()
#3 [internal function]: backend\controllers\SiteController->actionLogin()
#4 C:\Users\Administrator\Desktop\web\lottery\vendor\yiisoft\yii2\base\InlineAction.php(57): call_user_func_array(Array, Array)
#5 C:\Users\Administrator\Desktop\web\lottery\vendor\yiisoft\yii2\base\Controller.php(157): yii\base\InlineAction->runWithParams(Array)
#6 C:\Users\Administrator\Desktop\web\lottery\vendor\yiisoft\yii2\base\Module.php(528): yii\base\Controller->runAction('login', Array)
#7 C:\Users\Administrator\Desktop\web\lottery\vendor\yiisoft\yii2\web\Application.php(103): yii\base\Module->runAction('site/login', Array)
#8 C:\Users\Administrator\Desktop\web\lottery\vendor\yiisoft\yii2\base\Application.php(386): yii\web\Application->handleRequest(Object(yii\web\Request))
#9 C:\Users\Administrator\Desktop\web\lottery\backend\web\index.php(18): yii\base\Application->run()
#10 {main}
2018-06-24 10:26:40 [127.0.0.1][1][abch1b0e306c6g8aqefa54tlo2][info][application] $_GET = [
    'r' => 'site/login'
]

$_POST = [
    'LoginForm' => [
        'username' => 'shy'
        'password' => 'shy5109.'
    ]
]

$_FILES = []

$_COOKIE = [
    'PHPSESSID' => 'tk70k575it3tg5gaa4d0289c74'
    '_csrf' => 'c4c5dee091d3537f60db17db4702437b1440e873b0c2880a47d57e63fd733182a:2:{i:0;s:5:\"_csrf\";i:1;s:32:\"wHROB3PnpWoUr5r5kgvWeqOSsyec6tGw\";}'
]

$_SESSION = [
    '__flash' => []
    '__returnUrl' => '/'
    '__id' => 1
]

$_SERVER = [
    'PATH' => 'C:\\Windows\\system32;C:\\Windows;C:\\Windows\\System32\\Wbem;C:\\Windows\\System32\\WindowsPowerShell\\v1.0\\;C:\\Program Files\\Git\\cmd;C:\\Program Files\\TortoiseGit\\bin;D:\\phpStudy\\php\\php-7.0.12-nts;C:\\ProgramData\\ComposerSetup\\bin;C:\\Program Files\\nodejs\\;C:\\Program Files (x86)\\Skype\\Phone\\;C:\\Program Files\\TortoiseSVN\\bin;C:\\Users\\Administrator\\AppData\\Local\\Microsoft\\WindowsApps;C:\\Users\\Administrator\\AppData\\Roaming\\Composer\\vendor\\bin;C:\\Users\\Administrator\\AppData\\Roaming\\npm'
    'SYSTEMROOT' => 'C:\\Windows'
    'COMSPEC' => 'C:\\Windows\\system32\\cmd.exe'
    'PATHEXT' => '.COM;.EXE;.BAT;.CMD;.VBS;.VBE;.JS;.JSE;.WSF;.WSH;.MSC'
    'WINDIR' => 'C:\\Windows'
    'PHP_FCGI_MAX_REQUESTS' => '1000'
    'PHPRC' => 'D:/phpStudy/php/php-7.0.12-nts/'
    '_FCGI_SHUTDOWN_EVENT_' => '2232'
    'SCRIPT_NAME' => '/index.php'
    'REQUEST_URI' => '/index.php?r=site%2Flogin'
    'QUERY_STRING' => 'r=site%2Flogin'
    'REQUEST_METHOD' => 'POST'
    'SERVER_PROTOCOL' => 'HTTP/1.1'
    'GATEWAY_INTERFACE' => 'CGI/1.1'
    'REMOTE_PORT' => '62934'
    'SCRIPT_FILENAME' => 'C:/Users/Administrator/Desktop/web/lottery/backend/web/index.php'
    'SERVER_ADMIN' => 'admin@phpStudy.net'
    'CONTEXT_DOCUMENT_ROOT' => 'C:/Users/Administrator/Desktop/web/lottery/backend/web'
    'CONTEXT_PREFIX' => ''
    'REQUEST_SCHEME' => 'http'
    'DOCUMENT_ROOT' => 'C:/Users/Administrator/Desktop/web/lottery/backend/web'
    'REMOTE_ADDR' => '127.0.0.1'
    'SERVER_PORT' => '80'
    'SERVER_ADDR' => '127.0.0.1'
    'SERVER_NAME' => 'admin.yii2.com'
    'SERVER_SOFTWARE' => 'Apache/2.4.23 (Win32) OpenSSL/1.0.2j mod_fcgid/2.3.9'
    'SERVER_SIGNATURE' => ''
    'SystemRoot' => 'C:\\Windows'
    'HTTP_COOKIE' => 'PHPSESSID=tk70k575it3tg5gaa4d0289c74; _csrf=c4c5dee091d3537f60db17db4702437b1440e873b0c2880a47d57e63fd733182a%3A2%3A%7Bi%3A0%3Bs%3A5%3A%22_csrf%22%3Bi%3A1%3Bs%3A32%3A%22wHROB3PnpWoUr5r5kgvWeqOSsyec6tGw%22%3B%7D'
    'HTTP_ACCEPT_LANGUAGE' => 'zh-CN,zh;q=0.9'
    'HTTP_ACCEPT_ENCODING' => 'gzip, deflate'
    'HTTP_REFERER' => 'http://admin.yii2.com/index.php?r=site%2Flogin'
    'HTTP_ACCEPT' => 'text/html,application/xhtml+xml,application/xml;q=0.9,image/webp,image/apng,*/*;q=0.8'
    'HTTP_USER_AGENT' => 'Mozilla/5.0 (Windows NT 10.0; WOW64) AppleWebKit/537.36 (KHTML, like Gecko) Chrome/67.0.3396.62 Safari/537.36'
    'CONTENT_TYPE' => 'application/x-www-form-urlencoded'
    'HTTP_UPGRADE_INSECURE_REQUESTS' => '1'
    'HTTP_ORIGIN' => 'http://admin.yii2.com'
    'HTTP_CACHE_CONTROL' => 'max-age=0'
    'CONTENT_LENGTH' => '60'
    'HTTP_CONNECTION' => 'close'
    'HTTP_HOST' => 'admin.yii2.com'
    'FCGI_ROLE' => 'RESPONDER'
    'PHP_SELF' => '/index.php'
    'REQUEST_TIME_FLOAT' => 1529807200.6021
    'REQUEST_TIME' => 1529807200
]
2018-06-24 10:27:14 [127.0.0.1][-][-][error][yii\web\HttpException:404] yii\base\InvalidRouteException: Unable to resolve the request "rabate/index". in C:\Users\Administrator\Desktop\web\lottery\vendor\yiisoft\yii2\base\Module.php:537
Stack trace:
#0 C:\Users\Administrator\Desktop\web\lottery\vendor\yiisoft\yii2\web\Application.php(103): yii\base\Module->runAction('rabate/index', Array)
#1 C:\Users\Administrator\Desktop\web\lottery\vendor\yiisoft\yii2\base\Application.php(386): yii\web\Application->handleRequest(Object(yii\web\Request))
#2 C:\Users\Administrator\Desktop\web\lottery\backend\web\index.php(18): yii\base\Application->run()
#3 {main}

Next yii\web\NotFoundHttpException: 页面未找到。 in C:\Users\Administrator\Desktop\web\lottery\vendor\yiisoft\yii2\web\Application.php:115
Stack trace:
#0 C:\Users\Administrator\Desktop\web\lottery\vendor\yiisoft\yii2\base\Application.php(386): yii\web\Application->handleRequest(Object(yii\web\Request))
#1 C:\Users\Administrator\Desktop\web\lottery\backend\web\index.php(18): yii\base\Application->run()
#2 {main}
2018-06-24 10:27:14 [127.0.0.1][-][-][info][application] $_GET = [
    'r' => 'rabate/index'
]

$_POST = []

$_FILES = []

$_COOKIE = [
    'PHPSESSID' => 'abch1b0e306c6g8aqefa54tlo2'
    '_identity' => 'b3c293fdf074ffb42d104bc4dbeca5dabc79d4c46eef5c9fdee0e46051e19d6ca:2:{i:0;s:9:\"_identity\";i:1;s:46:\"[1,\"C5f5K1Kg8tL-IutYAom4-s7RMh_xMk_l\",2592000]\";}'
    '_csrf' => '1842d2773189afeaa12b386e0eaa8a859055cf9b49058017382cd42c601c022fa:2:{i:0;s:5:\"_csrf\";i:1;s:32:\"UUY0Z7ArhKuxdqCIfR5eNo97OFwdQvsZ\";}'
]

$_SERVER = [
    'PATH' => 'C:\\Windows\\system32;C:\\Windows;C:\\Windows\\System32\\Wbem;C:\\Windows\\System32\\WindowsPowerShell\\v1.0\\;C:\\Program Files\\Git\\cmd;C:\\Program Files\\TortoiseGit\\bin;D:\\phpStudy\\php\\php-7.0.12-nts;C:\\ProgramData\\ComposerSetup\\bin;C:\\Program Files\\nodejs\\;C:\\Program Files (x86)\\Skype\\Phone\\;C:\\Program Files\\TortoiseSVN\\bin;C:\\Users\\Administrator\\AppData\\Local\\Microsoft\\WindowsApps;C:\\Users\\Administrator\\AppData\\Roaming\\Composer\\vendor\\bin;C:\\Users\\Administrator\\AppData\\Roaming\\npm'
    'SYSTEMROOT' => 'C:\\Windows'
    'COMSPEC' => 'C:\\Windows\\system32\\cmd.exe'
    'PATHEXT' => '.COM;.EXE;.BAT;.CMD;.VBS;.VBE;.JS;.JSE;.WSF;.WSH;.MSC'
    'WINDIR' => 'C:\\Windows'
    'PHP_FCGI_MAX_REQUESTS' => '1000'
    'PHPRC' => 'D:/phpStudy/php/php-7.0.12-nts/'
    '_FCGI_SHUTDOWN_EVENT_' => '2232'
    'SCRIPT_NAME' => '/index.php'
    'REQUEST_URI' => '/index.php?r=rabate%2Findex'
    'QUERY_STRING' => 'r=rabate%2Findex'
    'REQUEST_METHOD' => 'GET'
    'SERVER_PROTOCOL' => 'HTTP/1.1'
    'GATEWAY_INTERFACE' => 'CGI/1.1'
    'REMOTE_PORT' => '62979'
    'SCRIPT_FILENAME' => 'C:/Users/Administrator/Desktop/web/lottery/backend/web/index.php'
    'SERVER_ADMIN' => 'admin@phpStudy.net'
    'CONTEXT_DOCUMENT_ROOT' => 'C:/Users/Administrator/Desktop/web/lottery/backend/web'
    'CONTEXT_PREFIX' => ''
    'REQUEST_SCHEME' => 'http'
    'DOCUMENT_ROOT' => 'C:/Users/Administrator/Desktop/web/lottery/backend/web'
    'REMOTE_ADDR' => '127.0.0.1'
    'SERVER_PORT' => '80'
    'SERVER_ADDR' => '127.0.0.1'
    'SERVER_NAME' => 'admin.yii2.com'
    'SERVER_SOFTWARE' => 'Apache/2.4.23 (Win32) OpenSSL/1.0.2j mod_fcgid/2.3.9'
    'SERVER_SIGNATURE' => ''
    'SystemRoot' => 'C:\\Windows'
    'HTTP_COOKIE' => 'PHPSESSID=abch1b0e306c6g8aqefa54tlo2; _identity=b3c293fdf074ffb42d104bc4dbeca5dabc79d4c46eef5c9fdee0e46051e19d6ca%3A2%3A%7Bi%3A0%3Bs%3A9%3A%22_identity%22%3Bi%3A1%3Bs%3A46%3A%22%5B1%2C%22C5f5K1Kg8tL-IutYAom4-s7RMh_xMk_l%22%2C2592000%5D%22%3B%7D; _csrf=1842d2773189afeaa12b386e0eaa8a859055cf9b49058017382cd42c601c022fa%3A2%3A%7Bi%3A0%3Bs%3A5%3A%22_csrf%22%3Bi%3A1%3Bs%3A32%3A%22UUY0Z7ArhKuxdqCIfR5eNo97OFwdQvsZ%22%3B%7D'
    'HTTP_ACCEPT_LANGUAGE' => 'zh-CN,zh;q=0.9'
    'HTTP_ACCEPT_ENCODING' => 'gzip, deflate'
    'HTTP_REFERER' => 'http://admin.yii2.com/index.php?r=site%2Findex'
    'HTTP_ACCEPT' => 'text/html,application/xhtml+xml,application/xml;q=0.9,image/webp,image/apng,*/*;q=0.8'
    'HTTP_USER_AGENT' => 'Mozilla/5.0 (Windows NT 10.0; WOW64) AppleWebKit/537.36 (KHTML, like Gecko) Chrome/67.0.3396.62 Safari/537.36'
    'HTTP_UPGRADE_INSECURE_REQUESTS' => '1'
    'HTTP_CONNECTION' => 'close'
    'HTTP_HOST' => 'admin.yii2.com'
    'FCGI_ROLE' => 'RESPONDER'
    'PHP_SELF' => '/index.php'
    'REQUEST_TIME_FLOAT' => 1529807234.4176
    'REQUEST_TIME' => 1529807234
]
2018-06-24 18:29:35 [127.0.0.1][-][-][error][yii\base\ErrorException:8] yii\base\ErrorException: Trying to get property of non-object in C:\Users\Administrator\Desktop\web\lottery\backend\views\bank\index.php:37
Stack trace:
#0 C:\Users\Administrator\Desktop\web\lottery\backend\views\bank\index.php(37): yii\base\ErrorHandler->handleError(8, 'Trying to get p...', 'C:\\Users\\Admini...', 37, Array)
#1 C:\Users\Administrator\Desktop\web\lottery\vendor\yiisoft\yii2\base\View.php(336): require('C:\\Users\\Admini...')
#2 C:\Users\Administrator\Desktop\web\lottery\vendor\yiisoft\yii2\base\View.php(254): yii\base\View->renderPhpFile('C:\\Users\\Admini...', Array)
#3 C:\Users\Administrator\Desktop\web\lottery\vendor\yiisoft\yii2\base\View.php(156): yii\base\View->renderFile('C:\\Users\\Admini...', Array, Object(backend\controllers\BankController))
#4 C:\Users\Administrator\Desktop\web\lottery\vendor\yiisoft\yii2\base\Controller.php(384): yii\base\View->render('index', Array, Object(backend\controllers\BankController))
#5 C:\Users\Administrator\Desktop\web\lottery\backend\controllers\BankController.php(41): yii\base\Controller->render('index', Array)
#6 [internal function]: backend\controllers\BankController->actionIndex()
#7 C:\Users\Administrator\Desktop\web\lottery\vendor\yiisoft\yii2\base\InlineAction.php(57): call_user_func_array(Array, Array)
#8 C:\Users\Administrator\Desktop\web\lottery\vendor\yiisoft\yii2\base\Controller.php(157): yii\base\InlineAction->runWithParams(Array)
#9 C:\Users\Administrator\Desktop\web\lottery\vendor\yiisoft\yii2\base\Module.php(528): yii\base\Controller->runAction('index', Array)
#10 C:\Users\Administrator\Desktop\web\lottery\vendor\yiisoft\yii2\web\Application.php(103): yii\base\Module->runAction('bank/index', Array)
#11 C:\Users\Administrator\Desktop\web\lottery\vendor\yiisoft\yii2\base\Application.php(386): yii\web\Application->handleRequest(Object(yii\web\Request))
#12 C:\Users\Administrator\Desktop\web\lottery\backend\web\index.php(18): yii\base\Application->run()
#13 {main}
2018-06-24 18:29:33 [127.0.0.1][-][-][info][application] $_GET = [
    'r' => 'bank/index'
]

$_POST = []

$_FILES = []

$_COOKIE = [
    'PHPSESSID' => 'abch1b0e306c6g8aqefa54tlo2'
    '_identity' => 'b3c293fdf074ffb42d104bc4dbeca5dabc79d4c46eef5c9fdee0e46051e19d6ca:2:{i:0;s:9:\"_identity\";i:1;s:46:\"[1,\"C5f5K1Kg8tL-IutYAom4-s7RMh_xMk_l\",2592000]\";}'
    '_csrf' => '1842d2773189afeaa12b386e0eaa8a859055cf9b49058017382cd42c601c022fa:2:{i:0;s:5:\"_csrf\";i:1;s:32:\"UUY0Z7ArhKuxdqCIfR5eNo97OFwdQvsZ\";}'
]

$_SERVER = [
    'PATH' => 'C:\\Windows\\system32;C:\\Windows;C:\\Windows\\System32\\Wbem;C:\\Windows\\System32\\WindowsPowerShell\\v1.0\\;C:\\Program Files\\Git\\cmd;C:\\Program Files\\TortoiseGit\\bin;D:\\phpStudy\\php\\php-7.0.12-nts;C:\\ProgramData\\ComposerSetup\\bin;C:\\Program Files\\nodejs\\;C:\\Program Files (x86)\\Skype\\Phone\\;C:\\Program Files\\TortoiseSVN\\bin;C:\\Users\\Administrator\\AppData\\Local\\Microsoft\\WindowsApps;C:\\Users\\Administrator\\AppData\\Roaming\\Composer\\vendor\\bin;C:\\Users\\Administrator\\AppData\\Roaming\\npm'
    'SYSTEMROOT' => 'C:\\Windows'
    'COMSPEC' => 'C:\\Windows\\system32\\cmd.exe'
    'PATHEXT' => '.COM;.EXE;.BAT;.CMD;.VBS;.VBE;.JS;.JSE;.WSF;.WSH;.MSC'
    'WINDIR' => 'C:\\Windows'
    'PHP_FCGI_MAX_REQUESTS' => '1000'
    'PHPRC' => 'D:/phpStudy/php/php-7.0.12-nts/'
    '_FCGI_SHUTDOWN_EVENT_' => '692'
    'SCRIPT_NAME' => '/index.php'
    'REQUEST_URI' => '/index.php?r=bank%2Findex'
    'QUERY_STRING' => 'r=bank%2Findex'
    'REQUEST_METHOD' => 'GET'
    'SERVER_PROTOCOL' => 'HTTP/1.1'
    'GATEWAY_INTERFACE' => 'CGI/1.1'
    'REMOTE_PORT' => '52712'
    'SCRIPT_FILENAME' => 'C:/Users/Administrator/Desktop/web/lottery/backend/web/index.php'
    'SERVER_ADMIN' => 'admin@phpStudy.net'
    'CONTEXT_DOCUMENT_ROOT' => 'C:/Users/Administrator/Desktop/web/lottery/backend/web'
    'CONTEXT_PREFIX' => ''
    'REQUEST_SCHEME' => 'http'
    'DOCUMENT_ROOT' => 'C:/Users/Administrator/Desktop/web/lottery/backend/web'
    'REMOTE_ADDR' => '127.0.0.1'
    'SERVER_PORT' => '80'
    'SERVER_ADDR' => '127.0.0.1'
    'SERVER_NAME' => 'admin.yii2.com'
    'SERVER_SOFTWARE' => 'Apache/2.4.23 (Win32) OpenSSL/1.0.2j mod_fcgid/2.3.9'
    'SERVER_SIGNATURE' => ''
    'SystemRoot' => 'C:\\Windows'
    'HTTP_COOKIE' => 'PHPSESSID=abch1b0e306c6g8aqefa54tlo2; _identity=b3c293fdf074ffb42d104bc4dbeca5dabc79d4c46eef5c9fdee0e46051e19d6ca%3A2%3A%7Bi%3A0%3Bs%3A9%3A%22_identity%22%3Bi%3A1%3Bs%3A46%3A%22%5B1%2C%22C5f5K1Kg8tL-IutYAom4-s7RMh_xMk_l%22%2C2592000%5D%22%3B%7D; _csrf=1842d2773189afeaa12b386e0eaa8a859055cf9b49058017382cd42c601c022fa%3A2%3A%7Bi%3A0%3Bs%3A5%3A%22_csrf%22%3Bi%3A1%3Bs%3A32%3A%22UUY0Z7ArhKuxdqCIfR5eNo97OFwdQvsZ%22%3B%7D'
    'HTTP_ACCEPT_LANGUAGE' => 'zh-CN,zh;q=0.9'
    'HTTP_ACCEPT_ENCODING' => 'gzip, deflate'
    'HTTP_REFERER' => 'http://admin.yii2.com/index.php?r=site%2Findex'
    'HTTP_ACCEPT' => 'text/html,application/xhtml+xml,application/xml;q=0.9,image/webp,image/apng,*/*;q=0.8'
    'HTTP_USER_AGENT' => 'Mozilla/5.0 (Windows NT 10.0; WOW64) AppleWebKit/537.36 (KHTML, like Gecko) Chrome/67.0.3396.62 Safari/537.36'
    'HTTP_UPGRADE_INSECURE_REQUESTS' => '1'
    'HTTP_CONNECTION' => 'close'
    'HTTP_HOST' => 'admin.yii2.com'
    'FCGI_ROLE' => 'RESPONDER'
    'PHP_SELF' => '/index.php'
    'REQUEST_TIME_FLOAT' => 1529836173.6985
    'REQUEST_TIME' => 1529836173
]
2018-06-24 18:29:37 [127.0.0.1][-][-][error][yii\base\ErrorException:8] yii\base\ErrorException: Trying to get property of non-object in C:\Users\Administrator\Desktop\web\lottery\backend\views\bank\index.php:37
Stack trace:
#0 C:\Users\Administrator\Desktop\web\lottery\backend\views\bank\index.php(37): yii\base\ErrorHandler->handleError(8, 'Trying to get p...', 'C:\\Users\\Admini...', 37, Array)
#1 C:\Users\Administrator\Desktop\web\lottery\vendor\yiisoft\yii2\base\View.php(336): require('C:\\Users\\Admini...')
#2 C:\Users\Administrator\Desktop\web\lottery\vendor\yiisoft\yii2\base\View.php(254): yii\base\View->renderPhpFile('C:\\Users\\Admini...', Array)
#3 C:\Users\Administrator\Desktop\web\lottery\vendor\yiisoft\yii2\base\View.php(156): yii\base\View->renderFile('C:\\Users\\Admini...', Array, Object(backend\controllers\BankController))
#4 C:\Users\Administrator\Desktop\web\lottery\vendor\yiisoft\yii2\base\Controller.php(384): yii\base\View->render('index', Array, Object(backend\controllers\BankController))
#5 C:\Users\Administrator\Desktop\web\lottery\backend\controllers\BankController.php(41): yii\base\Controller->render('index', Array)
#6 [internal function]: backend\controllers\BankController->actionIndex()
#7 C:\Users\Administrator\Desktop\web\lottery\vendor\yiisoft\yii2\base\InlineAction.php(57): call_user_func_array(Array, Array)
#8 C:\Users\Administrator\Desktop\web\lottery\vendor\yiisoft\yii2\base\Controller.php(157): yii\base\InlineAction->runWithParams(Array)
#9 C:\Users\Administrator\Desktop\web\lottery\vendor\yiisoft\yii2\base\Module.php(528): yii\base\Controller->runAction('index', Array)
#10 C:\Users\Administrator\Desktop\web\lottery\vendor\yiisoft\yii2\web\Application.php(103): yii\base\Module->runAction('bank/index', Array)
#11 C:\Users\Administrator\Desktop\web\lottery\vendor\yiisoft\yii2\base\Application.php(386): yii\web\Application->handleRequest(Object(yii\web\Request))
#12 C:\Users\Administrator\Desktop\web\lottery\backend\web\index.php(18): yii\base\Application->run()
#13 {main}
2018-06-24 18:29:35 [127.0.0.1][-][-][info][application] $_GET = [
    'r' => 'bank/index'
]

$_POST = []

$_FILES = []

$_COOKIE = [
    'PHPSESSID' => 'abch1b0e306c6g8aqefa54tlo2'
    '_identity' => 'b3c293fdf074ffb42d104bc4dbeca5dabc79d4c46eef5c9fdee0e46051e19d6ca:2:{i:0;s:9:\"_identity\";i:1;s:46:\"[1,\"C5f5K1Kg8tL-IutYAom4-s7RMh_xMk_l\",2592000]\";}'
    '_csrf' => '1842d2773189afeaa12b386e0eaa8a859055cf9b49058017382cd42c601c022fa:2:{i:0;s:5:\"_csrf\";i:1;s:32:\"UUY0Z7ArhKuxdqCIfR5eNo97OFwdQvsZ\";}'
]

$_SERVER = [
    'PATH' => 'C:\\Windows\\system32;C:\\Windows;C:\\Windows\\System32\\Wbem;C:\\Windows\\System32\\WindowsPowerShell\\v1.0\\;C:\\Program Files\\Git\\cmd;C:\\Program Files\\TortoiseGit\\bin;D:\\phpStudy\\php\\php-7.0.12-nts;C:\\ProgramData\\ComposerSetup\\bin;C:\\Program Files\\nodejs\\;C:\\Program Files (x86)\\Skype\\Phone\\;C:\\Program Files\\TortoiseSVN\\bin;C:\\Users\\Administrator\\AppData\\Local\\Microsoft\\WindowsApps;C:\\Users\\Administrator\\AppData\\Roaming\\Composer\\vendor\\bin;C:\\Users\\Administrator\\AppData\\Roaming\\npm'
    'SYSTEMROOT' => 'C:\\Windows'
    'COMSPEC' => 'C:\\Windows\\system32\\cmd.exe'
    'PATHEXT' => '.COM;.EXE;.BAT;.CMD;.VBS;.VBE;.JS;.JSE;.WSF;.WSH;.MSC'
    'WINDIR' => 'C:\\Windows'
    'PHP_FCGI_MAX_REQUESTS' => '1000'
    'PHPRC' => 'D:/phpStudy/php/php-7.0.12-nts/'
    '_FCGI_SHUTDOWN_EVENT_' => '692'
    'SCRIPT_NAME' => '/index.php'
    'REQUEST_URI' => '/index.php?r=bank%2Findex'
    'QUERY_STRING' => 'r=bank%2Findex'
    'REQUEST_METHOD' => 'GET'
    'SERVER_PROTOCOL' => 'HTTP/1.1'
    'GATEWAY_INTERFACE' => 'CGI/1.1'
    'REMOTE_PORT' => '52718'
    'SCRIPT_FILENAME' => 'C:/Users/Administrator/Desktop/web/lottery/backend/web/index.php'
    'SERVER_ADMIN' => 'admin@phpStudy.net'
    'CONTEXT_DOCUMENT_ROOT' => 'C:/Users/Administrator/Desktop/web/lottery/backend/web'
    'CONTEXT_PREFIX' => ''
    'REQUEST_SCHEME' => 'http'
    'DOCUMENT_ROOT' => 'C:/Users/Administrator/Desktop/web/lottery/backend/web'
    'REMOTE_ADDR' => '127.0.0.1'
    'SERVER_PORT' => '80'
    'SERVER_ADDR' => '127.0.0.1'
    'SERVER_NAME' => 'admin.yii2.com'
    'SERVER_SOFTWARE' => 'Apache/2.4.23 (Win32) OpenSSL/1.0.2j mod_fcgid/2.3.9'
    'SERVER_SIGNATURE' => ''
    'SystemRoot' => 'C:\\Windows'
    'HTTP_COOKIE' => 'PHPSESSID=abch1b0e306c6g8aqefa54tlo2; _identity=b3c293fdf074ffb42d104bc4dbeca5dabc79d4c46eef5c9fdee0e46051e19d6ca%3A2%3A%7Bi%3A0%3Bs%3A9%3A%22_identity%22%3Bi%3A1%3Bs%3A46%3A%22%5B1%2C%22C5f5K1Kg8tL-IutYAom4-s7RMh_xMk_l%22%2C2592000%5D%22%3B%7D; _csrf=1842d2773189afeaa12b386e0eaa8a859055cf9b49058017382cd42c601c022fa%3A2%3A%7Bi%3A0%3Bs%3A5%3A%22_csrf%22%3Bi%3A1%3Bs%3A32%3A%22UUY0Z7ArhKuxdqCIfR5eNo97OFwdQvsZ%22%3B%7D'
    'HTTP_ACCEPT_LANGUAGE' => 'zh-CN,zh;q=0.9'
    'HTTP_ACCEPT_ENCODING' => 'gzip, deflate'
    'HTTP_REFERER' => 'http://admin.yii2.com/index.php?r=site%2Findex'
    'HTTP_ACCEPT' => 'text/html,application/xhtml+xml,application/xml;q=0.9,image/webp,image/apng,*/*;q=0.8'
    'HTTP_USER_AGENT' => 'Mozilla/5.0 (Windows NT 10.0; WOW64) AppleWebKit/537.36 (KHTML, like Gecko) Chrome/67.0.3396.62 Safari/537.36'
    'HTTP_UPGRADE_INSECURE_REQUESTS' => '1'
    'HTTP_CONNECTION' => 'close'
    'HTTP_HOST' => 'admin.yii2.com'
    'FCGI_ROLE' => 'RESPONDER'
    'PHP_SELF' => '/index.php'
    'REQUEST_TIME_FLOAT' => 1529836175.7232
    'REQUEST_TIME' => 1529836175
]
2018-06-24 18:33:10 [127.0.0.1][-][-][error][yii\base\ErrorException:2] yii\base\ErrorException: session_regenerate_id(): Session object destruction failed.  ID: files (path: D:\phpStudy\tmp\tmp) in C:\Users\Administrator\Desktop\web\lottery\vendor\yiisoft\yii2\web\Session.php:300
Stack trace:
#0 [internal function]: yii\base\ErrorHandler->handleError(2, 'session_regener...', 'C:\\Users\\Admini...', 300, Array)
#1 C:\Users\Administrator\Desktop\web\lottery\vendor\yiisoft\yii2\web\Session.php(300): session_regenerate_id(true)
#2 C:\Users\Administrator\Desktop\web\lottery\vendor\yiisoft\yii2\web\User.php(651): yii\web\Session->regenerateID(true)
#3 C:\Users\Administrator\Desktop\web\lottery\vendor\yiisoft\yii2\web\User.php(340): yii\web\User->switchIdentity(NULL)
#4 C:\Users\Administrator\Desktop\web\lottery\backend\controllers\SiteController.php(118): yii\web\User->logout()
#5 [internal function]: backend\controllers\SiteController->actionLogout()
#6 C:\Users\Administrator\Desktop\web\lottery\vendor\yiisoft\yii2\base\InlineAction.php(57): call_user_func_array(Array, Array)
#7 C:\Users\Administrator\Desktop\web\lottery\vendor\yiisoft\yii2\base\Controller.php(157): yii\base\InlineAction->runWithParams(Array)
#8 C:\Users\Administrator\Desktop\web\lottery\vendor\yiisoft\yii2\base\Module.php(528): yii\base\Controller->runAction('logout', Array)
#9 C:\Users\Administrator\Desktop\web\lottery\vendor\yiisoft\yii2\web\Application.php(103): yii\base\Module->runAction('site/logout', Array)
#10 C:\Users\Administrator\Desktop\web\lottery\vendor\yiisoft\yii2\base\Application.php(386): yii\web\Application->handleRequest(Object(yii\web\Request))
#11 C:\Users\Administrator\Desktop\web\lottery\backend\web\index.php(18): yii\base\Application->run()
#12 {main}
2018-06-24 18:33:05 [127.0.0.1][-][-][info][application] $_GET = [
    'r' => 'site/logout'
]

$_POST = []

$_FILES = []

$_COOKIE = [
    'PHPSESSID' => 'abch1b0e306c6g8aqefa54tlo2'
    '_identity' => 'b3c293fdf074ffb42d104bc4dbeca5dabc79d4c46eef5c9fdee0e46051e19d6ca:2:{i:0;s:9:\"_identity\";i:1;s:46:\"[1,\"C5f5K1Kg8tL-IutYAom4-s7RMh_xMk_l\",2592000]\";}'
    '_csrf' => '1842d2773189afeaa12b386e0eaa8a859055cf9b49058017382cd42c601c022fa:2:{i:0;s:5:\"_csrf\";i:1;s:32:\"UUY0Z7ArhKuxdqCIfR5eNo97OFwdQvsZ\";}'
]

$_SESSION = [
    '__flash' => [
        'success' => -1
    ]
    '__returnUrl' => '/'
    '__id' => 1
    'success' => '充值成功'
]

$_SERVER = [
    'PATH' => 'C:\\Windows\\system32;C:\\Windows;C:\\Windows\\System32\\Wbem;C:\\Windows\\System32\\WindowsPowerShell\\v1.0\\;C:\\Program Files\\Git\\cmd;C:\\Program Files\\TortoiseGit\\bin;D:\\phpStudy\\php\\php-7.0.12-nts;C:\\ProgramData\\ComposerSetup\\bin;C:\\Program Files\\nodejs\\;C:\\Program Files (x86)\\Skype\\Phone\\;C:\\Program Files\\TortoiseSVN\\bin;C:\\Users\\Administrator\\AppData\\Local\\Microsoft\\WindowsApps;C:\\Users\\Administrator\\AppData\\Roaming\\Composer\\vendor\\bin;C:\\Users\\Administrator\\AppData\\Roaming\\npm'
    'SYSTEMROOT' => 'C:\\Windows'
    'COMSPEC' => 'C:\\Windows\\system32\\cmd.exe'
    'PATHEXT' => '.COM;.EXE;.BAT;.CMD;.VBS;.VBE;.JS;.JSE;.WSF;.WSH;.MSC'
    'WINDIR' => 'C:\\Windows'
    'PHP_FCGI_MAX_REQUESTS' => '1000'
    'PHPRC' => 'D:/phpStudy/php/php-7.0.12-nts/'
    '_FCGI_SHUTDOWN_EVENT_' => '692'
    'SCRIPT_NAME' => '/index.php'
    'REQUEST_URI' => '/index.php?r=site%2Flogout'
    'QUERY_STRING' => 'r=site%2Flogout'
    'REQUEST_METHOD' => 'GET'
    'SERVER_PROTOCOL' => 'HTTP/1.1'
    'GATEWAY_INTERFACE' => 'CGI/1.1'
    'REMOTE_PORT' => '53199'
    'SCRIPT_FILENAME' => 'C:/Users/Administrator/Desktop/web/lottery/backend/web/index.php'
    'SERVER_ADMIN' => 'admin@phpStudy.net'
    'CONTEXT_DOCUMENT_ROOT' => 'C:/Users/Administrator/Desktop/web/lottery/backend/web'
    'CONTEXT_PREFIX' => ''
    'REQUEST_SCHEME' => 'http'
    'DOCUMENT_ROOT' => 'C:/Users/Administrator/Desktop/web/lottery/backend/web'
    'REMOTE_ADDR' => '127.0.0.1'
    'SERVER_PORT' => '80'
    'SERVER_ADDR' => '127.0.0.1'
    'SERVER_NAME' => 'admin.yii2.com'
    'SERVER_SOFTWARE' => 'Apache/2.4.23 (Win32) OpenSSL/1.0.2j mod_fcgid/2.3.9'
    'SERVER_SIGNATURE' => ''
    'SystemRoot' => 'C:\\Windows'
    'HTTP_COOKIE' => 'PHPSESSID=abch1b0e306c6g8aqefa54tlo2; _identity=b3c293fdf074ffb42d104bc4dbeca5dabc79d4c46eef5c9fdee0e46051e19d6ca%3A2%3A%7Bi%3A0%3Bs%3A9%3A%22_identity%22%3Bi%3A1%3Bs%3A46%3A%22%5B1%2C%22C5f5K1Kg8tL-IutYAom4-s7RMh_xMk_l%22%2C2592000%5D%22%3B%7D; _csrf=1842d2773189afeaa12b386e0eaa8a859055cf9b49058017382cd42c601c022fa%3A2%3A%7Bi%3A0%3Bs%3A5%3A%22_csrf%22%3Bi%3A1%3Bs%3A32%3A%22UUY0Z7ArhKuxdqCIfR5eNo97OFwdQvsZ%22%3B%7D'
    'HTTP_ACCEPT_LANGUAGE' => 'zh-CN,zh;q=0.9'
    'HTTP_ACCEPT_ENCODING' => 'gzip, deflate'
    'HTTP_REFERER' => 'http://admin.yii2.com/index.php?r=site%2Findex'
    'HTTP_ACCEPT' => 'text/html,application/xhtml+xml,application/xml;q=0.9,image/webp,image/apng,*/*;q=0.8'
    'HTTP_USER_AGENT' => 'Mozilla/5.0 (Windows NT 10.0; WOW64) AppleWebKit/537.36 (KHTML, like Gecko) Chrome/67.0.3396.62 Safari/537.36'
    'HTTP_UPGRADE_INSECURE_REQUESTS' => '1'
    'HTTP_CONNECTION' => 'close'
    'HTTP_HOST' => 'admin.yii2.com'
    'FCGI_ROLE' => 'RESPONDER'
    'PHP_SELF' => '/index.php'
    'REQUEST_TIME_FLOAT' => 1529836385.2775
    'REQUEST_TIME' => 1529836385
]
2018-06-24 18:33:11 [127.0.0.1][-][-][error][yii\base\ErrorException:2] yii\base\ErrorException: session_regenerate_id(): Session object destruction failed.  ID: files (path: D:\phpStudy\tmp\tmp) in C:\Users\Administrator\Desktop\web\lottery\vendor\yiisoft\yii2\web\Session.php:300
Stack trace:
#0 [internal function]: yii\base\ErrorHandler->handleError(2, 'session_regener...', 'C:\\Users\\Admini...', 300, Array)
#1 C:\Users\Administrator\Desktop\web\lottery\vendor\yiisoft\yii2\web\Session.php(300): session_regenerate_id(true)
#2 C:\Users\Administrator\Desktop\web\lottery\vendor\yiisoft\yii2\web\User.php(651): yii\web\Session->regenerateID(true)
#3 C:\Users\Administrator\Desktop\web\lottery\vendor\yiisoft\yii2\web\User.php(340): yii\web\User->switchIdentity(NULL)
#4 C:\Users\Administrator\Desktop\web\lottery\backend\controllers\SiteController.php(118): yii\web\User->logout()
#5 [internal function]: backend\controllers\SiteController->actionLogout()
#6 C:\Users\Administrator\Desktop\web\lottery\vendor\yiisoft\yii2\base\InlineAction.php(57): call_user_func_array(Array, Array)
#7 C:\Users\Administrator\Desktop\web\lottery\vendor\yiisoft\yii2\base\Controller.php(157): yii\base\InlineAction->runWithParams(Array)
#8 C:\Users\Administrator\Desktop\web\lottery\vendor\yiisoft\yii2\base\Module.php(528): yii\base\Controller->runAction('logout', Array)
#9 C:\Users\Administrator\Desktop\web\lottery\vendor\yiisoft\yii2\web\Application.php(103): yii\base\Module->runAction('site/logout', Array)
#10 C:\Users\Administrator\Desktop\web\lottery\vendor\yiisoft\yii2\base\Application.php(386): yii\web\Application->handleRequest(Object(yii\web\Request))
#11 C:\Users\Administrator\Desktop\web\lottery\backend\web\index.php(18): yii\base\Application->run()
#12 {main}
2018-06-24 18:33:07 [127.0.0.1][-][-][info][application] $_GET = [
    'r' => 'site/logout'
]

$_POST = []

$_FILES = []

$_COOKIE = [
    'PHPSESSID' => 'abch1b0e306c6g8aqefa54tlo2'
    '_identity' => 'b3c293fdf074ffb42d104bc4dbeca5dabc79d4c46eef5c9fdee0e46051e19d6ca:2:{i:0;s:9:\"_identity\";i:1;s:46:\"[1,\"C5f5K1Kg8tL-IutYAom4-s7RMh_xMk_l\",2592000]\";}'
    '_csrf' => '1842d2773189afeaa12b386e0eaa8a859055cf9b49058017382cd42c601c022fa:2:{i:0;s:5:\"_csrf\";i:1;s:32:\"UUY0Z7ArhKuxdqCIfR5eNo97OFwdQvsZ\";}'
]

$_SESSION = [
    '__flash' => [
        'success' => -1
    ]
    '__returnUrl' => '/'
    '__id' => 1
    'success' => '充值成功'
]

$_SERVER = [
    'PATH' => 'C:\\Windows\\system32;C:\\Windows;C:\\Windows\\System32\\Wbem;C:\\Windows\\System32\\WindowsPowerShell\\v1.0\\;C:\\Program Files\\Git\\cmd;C:\\Program Files\\TortoiseGit\\bin;D:\\phpStudy\\php\\php-7.0.12-nts;C:\\ProgramData\\ComposerSetup\\bin;C:\\Program Files\\nodejs\\;C:\\Program Files (x86)\\Skype\\Phone\\;C:\\Program Files\\TortoiseSVN\\bin;C:\\Users\\Administrator\\AppData\\Local\\Microsoft\\WindowsApps;C:\\Users\\Administrator\\AppData\\Roaming\\Composer\\vendor\\bin;C:\\Users\\Administrator\\AppData\\Roaming\\npm'
    'SYSTEMROOT' => 'C:\\Windows'
    'COMSPEC' => 'C:\\Windows\\system32\\cmd.exe'
    'PATHEXT' => '.COM;.EXE;.BAT;.CMD;.VBS;.VBE;.JS;.JSE;.WSF;.WSH;.MSC'
    'WINDIR' => 'C:\\Windows'
    'PHP_FCGI_MAX_REQUESTS' => '1000'
    'PHPRC' => 'D:/phpStudy/php/php-7.0.12-nts/'
    '_FCGI_SHUTDOWN_EVENT_' => '2304'
    'SCRIPT_NAME' => '/index.php'
    'REQUEST_URI' => '/index.php?r=site%2Flogout'
    'QUERY_STRING' => 'r=site%2Flogout'
    'REQUEST_METHOD' => 'GET'
    'SERVER_PROTOCOL' => 'HTTP/1.1'
    'GATEWAY_INTERFACE' => 'CGI/1.1'
    'REMOTE_PORT' => '53195'
    'SCRIPT_FILENAME' => 'C:/Users/Administrator/Desktop/web/lottery/backend/web/index.php'
    'SERVER_ADMIN' => 'admin@phpStudy.net'
    'CONTEXT_DOCUMENT_ROOT' => 'C:/Users/Administrator/Desktop/web/lottery/backend/web'
    'CONTEXT_PREFIX' => ''
    'REQUEST_SCHEME' => 'http'
    'DOCUMENT_ROOT' => 'C:/Users/Administrator/Desktop/web/lottery/backend/web'
    'REMOTE_ADDR' => '127.0.0.1'
    'SERVER_PORT' => '80'
    'SERVER_ADDR' => '127.0.0.1'
    'SERVER_NAME' => 'admin.yii2.com'
    'SERVER_SOFTWARE' => 'Apache/2.4.23 (Win32) OpenSSL/1.0.2j mod_fcgid/2.3.9'
    'SERVER_SIGNATURE' => ''
    'SystemRoot' => 'C:\\Windows'
    'HTTP_COOKIE' => 'PHPSESSID=abch1b0e306c6g8aqefa54tlo2; _identity=b3c293fdf074ffb42d104bc4dbeca5dabc79d4c46eef5c9fdee0e46051e19d6ca%3A2%3A%7Bi%3A0%3Bs%3A9%3A%22_identity%22%3Bi%3A1%3Bs%3A46%3A%22%5B1%2C%22C5f5K1Kg8tL-IutYAom4-s7RMh_xMk_l%22%2C2592000%5D%22%3B%7D; _csrf=1842d2773189afeaa12b386e0eaa8a859055cf9b49058017382cd42c601c022fa%3A2%3A%7Bi%3A0%3Bs%3A5%3A%22_csrf%22%3Bi%3A1%3Bs%3A32%3A%22UUY0Z7ArhKuxdqCIfR5eNo97OFwdQvsZ%22%3B%7D'
    'HTTP_ACCEPT_LANGUAGE' => 'zh-CN,zh;q=0.9'
    'HTTP_ACCEPT_ENCODING' => 'gzip, deflate'
    'HTTP_REFERER' => 'http://admin.yii2.com/index.php?r=site%2Findex'
    'HTTP_ACCEPT' => 'text/html,application/xhtml+xml,application/xml;q=0.9,image/webp,image/apng,*/*;q=0.8'
    'HTTP_USER_AGENT' => 'Mozilla/5.0 (Windows NT 10.0; WOW64) AppleWebKit/537.36 (KHTML, like Gecko) Chrome/67.0.3396.62 Safari/537.36'
    'HTTP_UPGRADE_INSECURE_REQUESTS' => '1'
    'HTTP_CONNECTION' => 'close'
    'HTTP_HOST' => 'admin.yii2.com'
    'FCGI_ROLE' => 'RESPONDER'
    'PHP_SELF' => '/index.php'
    'REQUEST_TIME_FLOAT' => 1529836387.5388
    'REQUEST_TIME' => 1529836387
]
2018-06-24 18:33:13 [127.0.0.1][-][-][error][yii\base\ErrorException:2] yii\base\ErrorException: session_regenerate_id(): Session object destruction failed.  ID: files (path: D:\phpStudy\tmp\tmp) in C:\Users\Administrator\Desktop\web\lottery\vendor\yiisoft\yii2\web\Session.php:300
Stack trace:
#0 [internal function]: yii\base\ErrorHandler->handleError(2, 'session_regener...', 'C:\\Users\\Admini...', 300, Array)
#1 C:\Users\Administrator\Desktop\web\lottery\vendor\yiisoft\yii2\web\Session.php(300): session_regenerate_id(true)
#2 C:\Users\Administrator\Desktop\web\lottery\vendor\yiisoft\yii2\web\User.php(651): yii\web\Session->regenerateID(true)
#3 C:\Users\Administrator\Desktop\web\lottery\vendor\yiisoft\yii2\web\User.php(340): yii\web\User->switchIdentity(NULL)
#4 C:\Users\Administrator\Desktop\web\lottery\backend\controllers\SiteController.php(118): yii\web\User->logout()
#5 [internal function]: backend\controllers\SiteController->actionLogout()
#6 C:\Users\Administrator\Desktop\web\lottery\vendor\yiisoft\yii2\base\InlineAction.php(57): call_user_func_array(Array, Array)
#7 C:\Users\Administrator\Desktop\web\lottery\vendor\yiisoft\yii2\base\Controller.php(157): yii\base\InlineAction->runWithParams(Array)
#8 C:\Users\Administrator\Desktop\web\lottery\vendor\yiisoft\yii2\base\Module.php(528): yii\base\Controller->runAction('logout', Array)
#9 C:\Users\Administrator\Desktop\web\lottery\vendor\yiisoft\yii2\web\Application.php(103): yii\base\Module->runAction('site/logout', Array)
#10 C:\Users\Administrator\Desktop\web\lottery\vendor\yiisoft\yii2\base\Application.php(386): yii\web\Application->handleRequest(Object(yii\web\Request))
#11 C:\Users\Administrator\Desktop\web\lottery\backend\web\index.php(18): yii\base\Application->run()
#12 {main}
2018-06-24 18:33:09 [127.0.0.1][-][-][info][application] $_GET = [
    'r' => 'site/logout'
]

$_POST = []

$_FILES = []

$_COOKIE = [
    'PHPSESSID' => 'abch1b0e306c6g8aqefa54tlo2'
    '_identity' => 'b3c293fdf074ffb42d104bc4dbeca5dabc79d4c46eef5c9fdee0e46051e19d6ca:2:{i:0;s:9:\"_identity\";i:1;s:46:\"[1,\"C5f5K1Kg8tL-IutYAom4-s7RMh_xMk_l\",2592000]\";}'
    '_csrf' => '1842d2773189afeaa12b386e0eaa8a859055cf9b49058017382cd42c601c022fa:2:{i:0;s:5:\"_csrf\";i:1;s:32:\"UUY0Z7ArhKuxdqCIfR5eNo97OFwdQvsZ\";}'
]

$_SESSION = [
    '__flash' => [
        'success' => -1
    ]
    '__returnUrl' => '/'
    '__id' => 1
    'success' => '充值成功'
]

$_SERVER = [
    'PATH' => 'C:\\Windows\\system32;C:\\Windows;C:\\Windows\\System32\\Wbem;C:\\Windows\\System32\\WindowsPowerShell\\v1.0\\;C:\\Program Files\\Git\\cmd;C:\\Program Files\\TortoiseGit\\bin;D:\\phpStudy\\php\\php-7.0.12-nts;C:\\ProgramData\\ComposerSetup\\bin;C:\\Program Files\\nodejs\\;C:\\Program Files (x86)\\Skype\\Phone\\;C:\\Program Files\\TortoiseSVN\\bin;C:\\Users\\Administrator\\AppData\\Local\\Microsoft\\WindowsApps;C:\\Users\\Administrator\\AppData\\Roaming\\Composer\\vendor\\bin;C:\\Users\\Administrator\\AppData\\Roaming\\npm'
    'SYSTEMROOT' => 'C:\\Windows'
    'COMSPEC' => 'C:\\Windows\\system32\\cmd.exe'
    'PATHEXT' => '.COM;.EXE;.BAT;.CMD;.VBS;.VBE;.JS;.JSE;.WSF;.WSH;.MSC'
    'WINDIR' => 'C:\\Windows'
    'PHP_FCGI_MAX_REQUESTS' => '1000'
    'PHPRC' => 'D:/phpStudy/php/php-7.0.12-nts/'
    '_FCGI_SHUTDOWN_EVENT_' => '2348'
    'SCRIPT_NAME' => '/index.php'
    'REQUEST_URI' => '/index.php?r=site%2Flogout'
    'QUERY_STRING' => 'r=site%2Flogout'
    'REQUEST_METHOD' => 'GET'
    'SERVER_PROTOCOL' => 'HTTP/1.1'
    'GATEWAY_INTERFACE' => 'CGI/1.1'
    'REMOTE_PORT' => '53208'
    'SCRIPT_FILENAME' => 'C:/Users/Administrator/Desktop/web/lottery/backend/web/index.php'
    'SERVER_ADMIN' => 'admin@phpStudy.net'
    'CONTEXT_DOCUMENT_ROOT' => 'C:/Users/Administrator/Desktop/web/lottery/backend/web'
    'CONTEXT_PREFIX' => ''
    'REQUEST_SCHEME' => 'http'
    'DOCUMENT_ROOT' => 'C:/Users/Administrator/Desktop/web/lottery/backend/web'
    'REMOTE_ADDR' => '127.0.0.1'
    'SERVER_PORT' => '80'
    'SERVER_ADDR' => '127.0.0.1'
    'SERVER_NAME' => 'admin.yii2.com'
    'SERVER_SOFTWARE' => 'Apache/2.4.23 (Win32) OpenSSL/1.0.2j mod_fcgid/2.3.9'
    'SERVER_SIGNATURE' => ''
    'SystemRoot' => 'C:\\Windows'
    'HTTP_COOKIE' => 'PHPSESSID=abch1b0e306c6g8aqefa54tlo2; _identity=b3c293fdf074ffb42d104bc4dbeca5dabc79d4c46eef5c9fdee0e46051e19d6ca%3A2%3A%7Bi%3A0%3Bs%3A9%3A%22_identity%22%3Bi%3A1%3Bs%3A46%3A%22%5B1%2C%22C5f5K1Kg8tL-IutYAom4-s7RMh_xMk_l%22%2C2592000%5D%22%3B%7D; _csrf=1842d2773189afeaa12b386e0eaa8a859055cf9b49058017382cd42c601c022fa%3A2%3A%7Bi%3A0%3Bs%3A5%3A%22_csrf%22%3Bi%3A1%3Bs%3A32%3A%22UUY0Z7ArhKuxdqCIfR5eNo97OFwdQvsZ%22%3B%7D'
    'HTTP_ACCEPT_LANGUAGE' => 'zh-CN,zh;q=0.9'
    'HTTP_ACCEPT_ENCODING' => 'gzip, deflate'
    'HTTP_REFERER' => 'http://admin.yii2.com/index.php?r=site%2Findex'
    'HTTP_ACCEPT' => 'text/html,application/xhtml+xml,application/xml;q=0.9,image/webp,image/apng,*/*;q=0.8'
    'HTTP_USER_AGENT' => 'Mozilla/5.0 (Windows NT 10.0; WOW64) AppleWebKit/537.36 (KHTML, like Gecko) Chrome/67.0.3396.62 Safari/537.36'
    'HTTP_UPGRADE_INSECURE_REQUESTS' => '1'
    'HTTP_CONNECTION' => 'close'
    'HTTP_HOST' => 'admin.yii2.com'
    'FCGI_ROLE' => 'RESPONDER'
    'PHP_SELF' => '/index.php'
    'REQUEST_TIME_FLOAT' => 1529836389.8697
    'REQUEST_TIME' => 1529836389
]
2018-06-25 09:42:22 [127.0.0.1][1][h7snquof3bnasb4nv52kvvb221][error][yii\base\ErrorException:8] yii\base\ErrorException: Trying to get property of non-object in C:\Users\Administrator\Desktop\web\lottery\common\models\LoginForm.php:120
Stack trace:
#0 C:\Users\Administrator\Desktop\web\lottery\common\models\LoginForm.php(120): yii\base\ErrorHandler->handleError(8, 'Trying to get p...', 'C:\\Users\\Admini...', 120, Array)
#1 C:\Users\Administrator\Desktop\web\lottery\common\models\LoginForm.php(93): common\models\LoginForm->getIPLoc_sina('127.0.0.1')
#2 C:\Users\Administrator\Desktop\web\lottery\backend\controllers\SiteController.php(104): common\models\LoginForm->loginLog()
#3 [internal function]: backend\controllers\SiteController->actionLogin()
#4 C:\Users\Administrator\Desktop\web\lottery\vendor\yiisoft\yii2\base\InlineAction.php(57): call_user_func_array(Array, Array)
#5 C:\Users\Administrator\Desktop\web\lottery\vendor\yiisoft\yii2\base\Controller.php(157): yii\base\InlineAction->runWithParams(Array)
#6 C:\Users\Administrator\Desktop\web\lottery\vendor\yiisoft\yii2\base\Module.php(528): yii\base\Controller->runAction('login', Array)
#7 C:\Users\Administrator\Desktop\web\lottery\vendor\yiisoft\yii2\web\Application.php(103): yii\base\Module->runAction('site/login', Array)
#8 C:\Users\Administrator\Desktop\web\lottery\vendor\yiisoft\yii2\base\Application.php(386): yii\web\Application->handleRequest(Object(yii\web\Request))
#9 C:\Users\Administrator\Desktop\web\lottery\backend\web\index.php(18): yii\base\Application->run()
#10 {main}
2018-06-25 09:42:20 [127.0.0.1][1][h7snquof3bnasb4nv52kvvb221][info][application] $_GET = [
    'r' => 'site/login'
]

$_POST = [
    'LoginForm' => [
        'username' => 'shy'
        'password' => 'shy5109.'
    ]
]

$_FILES = []

$_COOKIE = [
    '_csrf' => '1842d2773189afeaa12b386e0eaa8a859055cf9b49058017382cd42c601c022fa:2:{i:0;s:5:\"_csrf\";i:1;s:32:\"UUY0Z7ArhKuxdqCIfR5eNo97OFwdQvsZ\";}'
    'PHPSESSID' => 'inv2ttqom59jrki1cpn1huhvh7'
]

$_SESSION = [
    '__flash' => []
    '__returnUrl' => '/login'
    '__id' => 1
]

$_SERVER = [
    'PATH' => 'C:\\Windows\\system32;C:\\Windows;C:\\Windows\\System32\\Wbem;C:\\Windows\\System32\\WindowsPowerShell\\v1.0\\;C:\\Program Files\\Git\\cmd;C:\\Program Files\\TortoiseGit\\bin;D:\\phpStudy\\php\\php-7.0.12-nts;C:\\ProgramData\\ComposerSetup\\bin;C:\\Program Files\\nodejs\\;C:\\Program Files (x86)\\Skype\\Phone\\;C:\\Program Files\\TortoiseSVN\\bin;C:\\Users\\Administrator\\AppData\\Local\\Microsoft\\WindowsApps;C:\\Users\\Administrator\\AppData\\Roaming\\Composer\\vendor\\bin;C:\\Users\\Administrator\\AppData\\Roaming\\npm'
    'SYSTEMROOT' => 'C:\\Windows'
    'COMSPEC' => 'C:\\Windows\\system32\\cmd.exe'
    'PATHEXT' => '.COM;.EXE;.BAT;.CMD;.VBS;.VBE;.JS;.JSE;.WSF;.WSH;.MSC'
    'WINDIR' => 'C:\\Windows'
    'PHP_FCGI_MAX_REQUESTS' => '1000'
    'PHPRC' => 'D:/phpStudy/php/php-7.0.12-nts/'
    '_FCGI_SHUTDOWN_EVENT_' => '2184'
    'SCRIPT_NAME' => '/index.php'
    'REQUEST_URI' => '/index.php?r=site%2Flogin'
    'QUERY_STRING' => 'r=site%2Flogin'
    'REQUEST_METHOD' => 'POST'
    'SERVER_PROTOCOL' => 'HTTP/1.1'
    'GATEWAY_INTERFACE' => 'CGI/1.1'
    'REMOTE_PORT' => '64120'
    'SCRIPT_FILENAME' => 'C:/Users/Administrator/Desktop/web/lottery/backend/web/index.php'
    'SERVER_ADMIN' => 'admin@phpStudy.net'
    'CONTEXT_DOCUMENT_ROOT' => 'C:/Users/Administrator/Desktop/web/lottery/backend/web'
    'CONTEXT_PREFIX' => ''
    'REQUEST_SCHEME' => 'http'
    'DOCUMENT_ROOT' => 'C:/Users/Administrator/Desktop/web/lottery/backend/web'
    'REMOTE_ADDR' => '127.0.0.1'
    'SERVER_PORT' => '80'
    'SERVER_ADDR' => '127.0.0.1'
    'SERVER_NAME' => 'admin.yii2.com'
    'SERVER_SOFTWARE' => 'Apache/2.4.23 (Win32) OpenSSL/1.0.2j mod_fcgid/2.3.9'
    'SERVER_SIGNATURE' => ''
    'SystemRoot' => 'C:\\Windows'
    'HTTP_COOKIE' => '_csrf=1842d2773189afeaa12b386e0eaa8a859055cf9b49058017382cd42c601c022fa%3A2%3A%7Bi%3A0%3Bs%3A5%3A%22_csrf%22%3Bi%3A1%3Bs%3A32%3A%22UUY0Z7ArhKuxdqCIfR5eNo97OFwdQvsZ%22%3B%7D; PHPSESSID=inv2ttqom59jrki1cpn1huhvh7'
    'HTTP_ACCEPT_LANGUAGE' => 'zh-CN,zh;q=0.9'
    'HTTP_ACCEPT_ENCODING' => 'gzip, deflate'
    'HTTP_REFERER' => 'http://admin.yii2.com/index.php?r=site%2Flogin'
    'HTTP_ACCEPT' => 'text/html,application/xhtml+xml,application/xml;q=0.9,image/webp,image/apng,*/*;q=0.8'
    'HTTP_USER_AGENT' => 'Mozilla/5.0 (Windows NT 10.0; WOW64) AppleWebKit/537.36 (KHTML, like Gecko) Chrome/67.0.3396.62 Safari/537.36'
    'CONTENT_TYPE' => 'application/x-www-form-urlencoded'
    'HTTP_UPGRADE_INSECURE_REQUESTS' => '1'
    'HTTP_ORIGIN' => 'http://admin.yii2.com'
    'HTTP_CACHE_CONTROL' => 'max-age=0'
    'CONTENT_LENGTH' => '60'
    'HTTP_CONNECTION' => 'close'
    'HTTP_HOST' => 'admin.yii2.com'
    'FCGI_ROLE' => 'RESPONDER'
    'PHP_SELF' => '/index.php'
    'REQUEST_TIME_FLOAT' => 1529890940.0435
    'REQUEST_TIME' => 1529890940
]
2018-06-25 09:43:17 [127.0.0.1][-][-][error][yii\web\HttpException:404] yii\base\InvalidRouteException: Unable to resolve the request "limit/index". in C:\Users\Administrator\Desktop\web\lottery\vendor\yiisoft\yii2\base\Module.php:537
Stack trace:
#0 C:\Users\Administrator\Desktop\web\lottery\vendor\yiisoft\yii2\web\Application.php(103): yii\base\Module->runAction('limit/index', Array)
#1 C:\Users\Administrator\Desktop\web\lottery\vendor\yiisoft\yii2\base\Application.php(386): yii\web\Application->handleRequest(Object(yii\web\Request))
#2 C:\Users\Administrator\Desktop\web\lottery\backend\web\index.php(18): yii\base\Application->run()
#3 {main}

Next yii\web\NotFoundHttpException: 页面未找到。 in C:\Users\Administrator\Desktop\web\lottery\vendor\yiisoft\yii2\web\Application.php:115
Stack trace:
#0 C:\Users\Administrator\Desktop\web\lottery\vendor\yiisoft\yii2\base\Application.php(386): yii\web\Application->handleRequest(Object(yii\web\Request))
#1 C:\Users\Administrator\Desktop\web\lottery\backend\web\index.php(18): yii\base\Application->run()
#2 {main}
2018-06-25 09:43:17 [127.0.0.1][-][-][info][application] $_GET = [
    'r' => 'limit/index'
]

$_POST = []

$_FILES = []

$_COOKIE = [
    'PHPSESSID' => 'h7snquof3bnasb4nv52kvvb221'
    '_identity' => 'b3c293fdf074ffb42d104bc4dbeca5dabc79d4c46eef5c9fdee0e46051e19d6ca:2:{i:0;s:9:\"_identity\";i:1;s:46:\"[1,\"C5f5K1Kg8tL-IutYAom4-s7RMh_xMk_l\",2592000]\";}'
    '_csrf' => '1fe957ebdeec58f518dc75e9103c1e0aeb8381317b32cb1fe081a48e904356dfa:2:{i:0;s:5:\"_csrf\";i:1;s:32:\"uVQUiHizuK-zlAPc5pL8Mi-0sEbkufAR\";}'
    'pgv_pvi' => '5996380160'
    'pgv_si' => 's2300850176'
]

$_SERVER = [
    'PATH' => 'C:\\Windows\\system32;C:\\Windows;C:\\Windows\\System32\\Wbem;C:\\Windows\\System32\\WindowsPowerShell\\v1.0\\;C:\\Program Files\\Git\\cmd;C:\\Program Files\\TortoiseGit\\bin;D:\\phpStudy\\php\\php-7.0.12-nts;C:\\ProgramData\\ComposerSetup\\bin;C:\\Program Files\\nodejs\\;C:\\Program Files (x86)\\Skype\\Phone\\;C:\\Program Files\\TortoiseSVN\\bin;C:\\Users\\Administrator\\AppData\\Local\\Microsoft\\WindowsApps;C:\\Users\\Administrator\\AppData\\Roaming\\Composer\\vendor\\bin;C:\\Users\\Administrator\\AppData\\Roaming\\npm'
    'SYSTEMROOT' => 'C:\\Windows'
    'COMSPEC' => 'C:\\Windows\\system32\\cmd.exe'
    'PATHEXT' => '.COM;.EXE;.BAT;.CMD;.VBS;.VBE;.JS;.JSE;.WSF;.WSH;.MSC'
    'WINDIR' => 'C:\\Windows'
    'PHP_FCGI_MAX_REQUESTS' => '1000'
    'PHPRC' => 'D:/phpStudy/php/php-7.0.12-nts/'
    '_FCGI_SHUTDOWN_EVENT_' => '2336'
    'SCRIPT_NAME' => '/index.php'
    'REQUEST_URI' => '/index.php?r=limit%2Findex'
    'QUERY_STRING' => 'r=limit%2Findex'
    'REQUEST_METHOD' => 'GET'
    'SERVER_PROTOCOL' => 'HTTP/1.1'
    'GATEWAY_INTERFACE' => 'CGI/1.1'
    'REMOTE_PORT' => '64260'
    'SCRIPT_FILENAME' => 'C:/Users/Administrator/Desktop/web/lottery/backend/web/index.php'
    'SERVER_ADMIN' => 'admin@phpStudy.net'
    'CONTEXT_DOCUMENT_ROOT' => 'C:/Users/Administrator/Desktop/web/lottery/backend/web'
    'CONTEXT_PREFIX' => ''
    'REQUEST_SCHEME' => 'http'
    'DOCUMENT_ROOT' => 'C:/Users/Administrator/Desktop/web/lottery/backend/web'
    'REMOTE_ADDR' => '127.0.0.1'
    'SERVER_PORT' => '80'
    'SERVER_ADDR' => '127.0.0.1'
    'SERVER_NAME' => 'admin.yii2.com'
    'SERVER_SOFTWARE' => 'Apache/2.4.23 (Win32) OpenSSL/1.0.2j mod_fcgid/2.3.9'
    'SERVER_SIGNATURE' => ''
    'SystemRoot' => 'C:\\Windows'
    'HTTP_COOKIE' => 'PHPSESSID=h7snquof3bnasb4nv52kvvb221; _identity=b3c293fdf074ffb42d104bc4dbeca5dabc79d4c46eef5c9fdee0e46051e19d6ca%3A2%3A%7Bi%3A0%3Bs%3A9%3A%22_identity%22%3Bi%3A1%3Bs%3A46%3A%22%5B1%2C%22C5f5K1Kg8tL-IutYAom4-s7RMh_xMk_l%22%2C2592000%5D%22%3B%7D; _csrf=1fe957ebdeec58f518dc75e9103c1e0aeb8381317b32cb1fe081a48e904356dfa%3A2%3A%7Bi%3A0%3Bs%3A5%3A%22_csrf%22%3Bi%3A1%3Bs%3A32%3A%22uVQUiHizuK-zlAPc5pL8Mi-0sEbkufAR%22%3B%7D; pgv_pvi=5996380160; pgv_si=s2300850176'
    'HTTP_ACCEPT_LANGUAGE' => 'zh-CN,zh;q=0.9'
    'HTTP_ACCEPT_ENCODING' => 'gzip, deflate'
    'HTTP_REFERER' => 'http://admin.yii2.com/index.php?r=site%2Findex'
    'HTTP_ACCEPT' => 'text/html,application/xhtml+xml,application/xml;q=0.9,image/webp,image/apng,*/*;q=0.8'
    'HTTP_USER_AGENT' => 'Mozilla/5.0 (Windows NT 10.0; WOW64) AppleWebKit/537.36 (KHTML, like Gecko) Chrome/67.0.3396.62 Safari/537.36'
    'HTTP_UPGRADE_INSECURE_REQUESTS' => '1'
    'HTTP_CONNECTION' => 'close'
    'HTTP_HOST' => 'admin.yii2.com'
    'FCGI_ROLE' => 'RESPONDER'
    'PHP_SELF' => '/index.php'
    'REQUEST_TIME_FLOAT' => 1529890997.6776
    'REQUEST_TIME' => 1529890997
]
2018-06-25 09:43:20 [127.0.0.1][1][h7snquof3bnasb4nv52kvvb221][error][yii\web\HttpException:400] yii\web\BadRequestHttpException: 缺少参数：id in C:\Users\Administrator\Desktop\web\lottery\vendor\yiisoft\yii2\web\Controller.php:149
Stack trace:
#0 C:\Users\Administrator\Desktop\web\lottery\vendor\yiisoft\yii2\base\InlineAction.php(51): yii\web\Controller->bindActionParams(Object(yii\base\InlineAction), Array)
#1 C:\Users\Administrator\Desktop\web\lottery\vendor\yiisoft\yii2\base\Controller.php(157): yii\base\InlineAction->runWithParams(Array)
#2 C:\Users\Administrator\Desktop\web\lottery\vendor\yiisoft\yii2\base\Module.php(528): yii\base\Controller->runAction('intro', Array)
#3 C:\Users\Administrator\Desktop\web\lottery\vendor\yiisoft\yii2\web\Application.php(103): yii\base\Module->runAction('lottery/intro', Array)
#4 C:\Users\Administrator\Desktop\web\lottery\vendor\yiisoft\yii2\base\Application.php(386): yii\web\Application->handleRequest(Object(yii\web\Request))
#5 C:\Users\Administrator\Desktop\web\lottery\backend\web\index.php(18): yii\base\Application->run()
#6 {main}
2018-06-25 09:43:18 [127.0.0.1][1][h7snquof3bnasb4nv52kvvb221][info][application] $_GET = [
    'r' => 'lottery/intro'
]

$_POST = []

$_FILES = []

$_COOKIE = [
    'PHPSESSID' => 'h7snquof3bnasb4nv52kvvb221'
    '_identity' => 'b3c293fdf074ffb42d104bc4dbeca5dabc79d4c46eef5c9fdee0e46051e19d6ca:2:{i:0;s:9:\"_identity\";i:1;s:46:\"[1,\"C5f5K1Kg8tL-IutYAom4-s7RMh_xMk_l\",2592000]\";}'
    '_csrf' => '1fe957ebdeec58f518dc75e9103c1e0aeb8381317b32cb1fe081a48e904356dfa:2:{i:0;s:5:\"_csrf\";i:1;s:32:\"uVQUiHizuK-zlAPc5pL8Mi-0sEbkufAR\";}'
    'pgv_pvi' => '5996380160'
    'pgv_si' => 's2300850176'
]

$_SESSION = [
    '__flash' => []
    '__returnUrl' => '/login'
    '__id' => 1
]

$_SERVER = [
    'PATH' => 'C:\\Windows\\system32;C:\\Windows;C:\\Windows\\System32\\Wbem;C:\\Windows\\System32\\WindowsPowerShell\\v1.0\\;C:\\Program Files\\Git\\cmd;C:\\Program Files\\TortoiseGit\\bin;D:\\phpStudy\\php\\php-7.0.12-nts;C:\\ProgramData\\ComposerSetup\\bin;C:\\Program Files\\nodejs\\;C:\\Program Files (x86)\\Skype\\Phone\\;C:\\Program Files\\TortoiseSVN\\bin;C:\\Users\\Administrator\\AppData\\Local\\Microsoft\\WindowsApps;C:\\Users\\Administrator\\AppData\\Roaming\\Composer\\vendor\\bin;C:\\Users\\Administrator\\AppData\\Roaming\\npm'
    'SYSTEMROOT' => 'C:\\Windows'
    'COMSPEC' => 'C:\\Windows\\system32\\cmd.exe'
    'PATHEXT' => '.COM;.EXE;.BAT;.CMD;.VBS;.VBE;.JS;.JSE;.WSF;.WSH;.MSC'
    'WINDIR' => 'C:\\Windows'
    'PHP_FCGI_MAX_REQUESTS' => '1000'
    'PHPRC' => 'D:/phpStudy/php/php-7.0.12-nts/'
    '_FCGI_SHUTDOWN_EVENT_' => '2336'
    'SCRIPT_NAME' => '/index.php'
    'REQUEST_URI' => '/index.php?r=lottery%2Fintro'
    'QUERY_STRING' => 'r=lottery%2Fintro'
    'REQUEST_METHOD' => 'GET'
    'SERVER_PROTOCOL' => 'HTTP/1.1'
    'GATEWAY_INTERFACE' => 'CGI/1.1'
    'REMOTE_PORT' => '64280'
    'SCRIPT_FILENAME' => 'C:/Users/Administrator/Desktop/web/lottery/backend/web/index.php'
    'SERVER_ADMIN' => 'admin@phpStudy.net'
    'CONTEXT_DOCUMENT_ROOT' => 'C:/Users/Administrator/Desktop/web/lottery/backend/web'
    'CONTEXT_PREFIX' => ''
    'REQUEST_SCHEME' => 'http'
    'DOCUMENT_ROOT' => 'C:/Users/Administrator/Desktop/web/lottery/backend/web'
    'REMOTE_ADDR' => '127.0.0.1'
    'SERVER_PORT' => '80'
    'SERVER_ADDR' => '127.0.0.1'
    'SERVER_NAME' => 'admin.yii2.com'
    'SERVER_SOFTWARE' => 'Apache/2.4.23 (Win32) OpenSSL/1.0.2j mod_fcgid/2.3.9'
    'SERVER_SIGNATURE' => ''
    'SystemRoot' => 'C:\\Windows'
    'HTTP_COOKIE' => 'PHPSESSID=h7snquof3bnasb4nv52kvvb221; _identity=b3c293fdf074ffb42d104bc4dbeca5dabc79d4c46eef5c9fdee0e46051e19d6ca%3A2%3A%7Bi%3A0%3Bs%3A9%3A%22_identity%22%3Bi%3A1%3Bs%3A46%3A%22%5B1%2C%22C5f5K1Kg8tL-IutYAom4-s7RMh_xMk_l%22%2C2592000%5D%22%3B%7D; _csrf=1fe957ebdeec58f518dc75e9103c1e0aeb8381317b32cb1fe081a48e904356dfa%3A2%3A%7Bi%3A0%3Bs%3A5%3A%22_csrf%22%3Bi%3A1%3Bs%3A32%3A%22uVQUiHizuK-zlAPc5pL8Mi-0sEbkufAR%22%3B%7D; pgv_pvi=5996380160; pgv_si=s2300850176'
    'HTTP_ACCEPT_LANGUAGE' => 'zh-CN,zh;q=0.9'
    'HTTP_ACCEPT_ENCODING' => 'gzip, deflate'
    'HTTP_REFERER' => 'http://admin.yii2.com/index.php?r=site%2Findex'
    'HTTP_ACCEPT' => 'text/html,application/xhtml+xml,application/xml;q=0.9,image/webp,image/apng,*/*;q=0.8'
    'HTTP_USER_AGENT' => 'Mozilla/5.0 (Windows NT 10.0; WOW64) AppleWebKit/537.36 (KHTML, like Gecko) Chrome/67.0.3396.62 Safari/537.36'
    'HTTP_UPGRADE_INSECURE_REQUESTS' => '1'
    'HTTP_CONNECTION' => 'close'
    'HTTP_HOST' => 'admin.yii2.com'
    'FCGI_ROLE' => 'RESPONDER'
    'PHP_SELF' => '/index.php'
    'REQUEST_TIME_FLOAT' => 1529890998.9472
    'REQUEST_TIME' => 1529890998
]
