2018-06-23 14:09:04 [127.0.0.1][-][bs2tq7hktf93bc31790fe750m4][error][yii\web\HttpException:404] yii\base\InvalidRouteException: Unable to resolve the request "index/css/index.css". in C:\Users\Administrator\Desktop\web\lottery\vendor\yiisoft\yii2\base\Module.php:537
Stack trace:
#0 C:\Users\Administrator\Desktop\web\lottery\vendor\yiisoft\yii2\web\Application.php(103): yii\base\Module->runAction('index/css/index...', Array)
#1 C:\Users\Administrator\Desktop\web\lottery\vendor\yiisoft\yii2\base\Application.php(386): yii\web\Application->handleRequest(Object(yii\web\Request))
#2 C:\Users\Administrator\Desktop\web\lottery\frontend\web\index.php(18): yii\base\Application->run()
#3 {main}

Next yii\web\NotFoundHttpException: Page not found. in C:\Users\Administrator\Desktop\web\lottery\vendor\yiisoft\yii2\web\Application.php:115
Stack trace:
#0 C:\Users\Administrator\Desktop\web\lottery\vendor\yiisoft\yii2\base\Application.php(386): yii\web\Application->handleRequest(Object(yii\web\Request))
#1 C:\Users\Administrator\Desktop\web\lottery\frontend\web\index.php(18): yii\base\Application->run()
#2 {main}
2018-06-23 14:09:04 [127.0.0.1][-][bs2tq7hktf93bc31790fe750m4][info][application] $_GET = []

$_POST = []

$_FILES = []

$_COOKIE = [
    'advanced-frontend' => 'bs2tq7hktf93bc31790fe750m4'
    '_csrf-frontend' => '9301ddd94d5df4f615fc7aad75c97e4bf194b6a1bd1cd41a37fe240b5cce11a0a:2:{i:0;s:14:\"_csrf-frontend\";i:1;s:32:\"dzUfDE76TpLl3gVkAyBXr5K27vsiWZcT\";}'
]

$_SESSION = [
    '__flash' => []
]

$_SERVER = [
    'PATH' => 'C:\\Windows\\system32;C:\\Windows;C:\\Windows\\System32\\Wbem;C:\\Windows\\System32\\WindowsPowerShell\\v1.0\\;C:\\Program Files\\Git\\cmd;C:\\Program Files\\TortoiseGit\\bin;D:\\phpStudy\\php\\php-7.0.12-nts;C:\\ProgramData\\ComposerSetup\\bin;C:\\Program Files\\nodejs\\;C:\\Program Files (x86)\\Skype\\Phone\\;C:\\Users\\Administrator\\AppData\\Local\\Microsoft\\WindowsApps;C:\\Users\\Administrator\\AppData\\Roaming\\Composer\\vendor\\bin;C:\\Users\\Administrator\\AppData\\Roaming\\npm'
    'SYSTEMROOT' => 'C:\\Windows'
    'COMSPEC' => 'C:\\Windows\\system32\\cmd.exe'
    'PATHEXT' => '.COM;.EXE;.BAT;.CMD;.VBS;.VBE;.JS;.JSE;.WSF;.WSH;.MSC'
    'WINDIR' => 'C:\\Windows'
    'PHP_FCGI_MAX_REQUESTS' => '1000'
    'PHPRC' => 'D:/phpStudy/php/php-7.0.12-nts/'
    '_FCGI_SHUTDOWN_EVENT_' => '2224'
    'SCRIPT_NAME' => '/index.php'
    'REQUEST_URI' => '/index/css/index.css'
    'QUERY_STRING' => ''
    'REQUEST_METHOD' => 'GET'
    'SERVER_PROTOCOL' => 'HTTP/1.1'
    'GATEWAY_INTERFACE' => 'CGI/1.1'
    'REDIRECT_URL' => '/index/css/index.css'
    'REMOTE_PORT' => '62836'
    'SCRIPT_FILENAME' => 'C:/Users/Administrator/Desktop/web/lottery/frontend/web/index.php'
    'SERVER_ADMIN' => 'admin@phpStudy.net'
    'CONTEXT_DOCUMENT_ROOT' => 'C:/Users/Administrator/Desktop/web/lottery/frontend/web'
    'CONTEXT_PREFIX' => ''
    'REQUEST_SCHEME' => 'http'
    'DOCUMENT_ROOT' => 'C:/Users/Administrator/Desktop/web/lottery/frontend/web'
    'REMOTE_ADDR' => '127.0.0.1'
    'SERVER_PORT' => '80'
    'SERVER_ADDR' => '127.0.0.1'
    'SERVER_NAME' => 'www.shy.com'
    'SERVER_SOFTWARE' => 'Apache/2.4.23 (Win32) OpenSSL/1.0.2j mod_fcgid/2.3.9'
    'SERVER_SIGNATURE' => ''
    'SystemRoot' => 'C:\\Windows'
    'HTTP_COOKIE' => 'advanced-frontend=bs2tq7hktf93bc31790fe750m4; _csrf-frontend=9301ddd94d5df4f615fc7aad75c97e4bf194b6a1bd1cd41a37fe240b5cce11a0a%3A2%3A%7Bi%3A0%3Bs%3A14%3A%22_csrf-frontend%22%3Bi%3A1%3Bs%3A32%3A%22dzUfDE76TpLl3gVkAyBXr5K27vsiWZcT%22%3B%7D'
    'HTTP_ACCEPT_LANGUAGE' => 'zh-CN,zh;q=0.9'
    'HTTP_ACCEPT_ENCODING' => 'gzip, deflate'
    'HTTP_REFERER' => 'http://www.shy.com/index/index'
    'HTTP_ACCEPT' => 'text/css,*/*;q=0.1'
    'HTTP_USER_AGENT' => 'Mozilla/5.0 (Windows NT 10.0; WOW64) AppleWebKit/537.36 (KHTML, like Gecko) Chrome/67.0.3396.62 Safari/537.36'
    'HTTP_CONNECTION' => 'close'
    'HTTP_HOST' => 'www.shy.com'
    'REDIRECT_STATUS' => '200'
    'FCGI_ROLE' => 'RESPONDER'
    'PHP_SELF' => '/index.php'
    'REQUEST_TIME_FLOAT' => 1529734144.7164
    'REQUEST_TIME' => 1529734144
]
2018-06-23 14:09:05 [127.0.0.1][-][bs2tq7hktf93bc31790fe750m4][error][yii\web\HttpException:404] yii\base\InvalidRouteException: Unable to resolve the request "index/image/titleimg.png". in C:\Users\Administrator\Desktop\web\lottery\vendor\yiisoft\yii2\base\Module.php:537
Stack trace:
#0 C:\Users\Administrator\Desktop\web\lottery\vendor\yiisoft\yii2\web\Application.php(103): yii\base\Module->runAction('index/image/tit...', Array)
#1 C:\Users\Administrator\Desktop\web\lottery\vendor\yiisoft\yii2\base\Application.php(386): yii\web\Application->handleRequest(Object(yii\web\Request))
#2 C:\Users\Administrator\Desktop\web\lottery\frontend\web\index.php(18): yii\base\Application->run()
#3 {main}

Next yii\web\NotFoundHttpException: Page not found. in C:\Users\Administrator\Desktop\web\lottery\vendor\yiisoft\yii2\web\Application.php:115
Stack trace:
#0 C:\Users\Administrator\Desktop\web\lottery\vendor\yiisoft\yii2\base\Application.php(386): yii\web\Application->handleRequest(Object(yii\web\Request))
#1 C:\Users\Administrator\Desktop\web\lottery\frontend\web\index.php(18): yii\base\Application->run()
#2 {main}
2018-06-23 14:09:05 [127.0.0.1][-][bs2tq7hktf93bc31790fe750m4][info][application] $_GET = []

$_POST = []

$_FILES = []

$_COOKIE = [
    'advanced-frontend' => 'bs2tq7hktf93bc31790fe750m4'
    '_csrf-frontend' => '9301ddd94d5df4f615fc7aad75c97e4bf194b6a1bd1cd41a37fe240b5cce11a0a:2:{i:0;s:14:\"_csrf-frontend\";i:1;s:32:\"dzUfDE76TpLl3gVkAyBXr5K27vsiWZcT\";}'
]

$_SESSION = [
    '__flash' => []
]

$_SERVER = [
    'PATH' => 'C:\\Windows\\system32;C:\\Windows;C:\\Windows\\System32\\Wbem;C:\\Windows\\System32\\WindowsPowerShell\\v1.0\\;C:\\Program Files\\Git\\cmd;C:\\Program Files\\TortoiseGit\\bin;D:\\phpStudy\\php\\php-7.0.12-nts;C:\\ProgramData\\ComposerSetup\\bin;C:\\Program Files\\nodejs\\;C:\\Program Files (x86)\\Skype\\Phone\\;C:\\Users\\Administrator\\AppData\\Local\\Microsoft\\WindowsApps;C:\\Users\\Administrator\\AppData\\Roaming\\Composer\\vendor\\bin;C:\\Users\\Administrator\\AppData\\Roaming\\npm'
    'SYSTEMROOT' => 'C:\\Windows'
    'COMSPEC' => 'C:\\Windows\\system32\\cmd.exe'
    'PATHEXT' => '.COM;.EXE;.BAT;.CMD;.VBS;.VBE;.JS;.JSE;.WSF;.WSH;.MSC'
    'WINDIR' => 'C:\\Windows'
    'PHP_FCGI_MAX_REQUESTS' => '1000'
    'PHPRC' => 'D:/phpStudy/php/php-7.0.12-nts/'
    '_FCGI_SHUTDOWN_EVENT_' => '2224'
    'SCRIPT_NAME' => '/index.php'
    'REQUEST_URI' => '/index/image/titleimg.png'
    'QUERY_STRING' => ''
    'REQUEST_METHOD' => 'GET'
    'SERVER_PROTOCOL' => 'HTTP/1.1'
    'GATEWAY_INTERFACE' => 'CGI/1.1'
    'REDIRECT_URL' => '/index/image/titleimg.png'
    'REMOTE_PORT' => '62837'
    'SCRIPT_FILENAME' => 'C:/Users/Administrator/Desktop/web/lottery/frontend/web/index.php'
    'SERVER_ADMIN' => 'admin@phpStudy.net'
    'CONTEXT_DOCUMENT_ROOT' => 'C:/Users/Administrator/Desktop/web/lottery/frontend/web'
    'CONTEXT_PREFIX' => ''
    'REQUEST_SCHEME' => 'http'
    'DOCUMENT_ROOT' => 'C:/Users/Administrator/Desktop/web/lottery/frontend/web'
    'REMOTE_ADDR' => '127.0.0.1'
    'SERVER_PORT' => '80'
    'SERVER_ADDR' => '127.0.0.1'
    'SERVER_NAME' => 'www.shy.com'
    'SERVER_SOFTWARE' => 'Apache/2.4.23 (Win32) OpenSSL/1.0.2j mod_fcgid/2.3.9'
    'SERVER_SIGNATURE' => ''
    'SystemRoot' => 'C:\\Windows'
    'HTTP_COOKIE' => 'advanced-frontend=bs2tq7hktf93bc31790fe750m4; _csrf-frontend=9301ddd94d5df4f615fc7aad75c97e4bf194b6a1bd1cd41a37fe240b5cce11a0a%3A2%3A%7Bi%3A0%3Bs%3A14%3A%22_csrf-frontend%22%3Bi%3A1%3Bs%3A32%3A%22dzUfDE76TpLl3gVkAyBXr5K27vsiWZcT%22%3B%7D'
    'HTTP_ACCEPT_LANGUAGE' => 'zh-CN,zh;q=0.9'
    'HTTP_ACCEPT_ENCODING' => 'gzip, deflate'
    'HTTP_REFERER' => 'http://www.shy.com/index/index'
    'HTTP_ACCEPT' => 'image/webp,image/apng,image/*,*/*;q=0.8'
    'HTTP_USER_AGENT' => 'Mozilla/5.0 (Windows NT 10.0; WOW64) AppleWebKit/537.36 (KHTML, like Gecko) Chrome/67.0.3396.62 Safari/537.36'
    'HTTP_CONNECTION' => 'close'
    'HTTP_HOST' => 'www.shy.com'
    'REDIRECT_STATUS' => '200'
    'FCGI_ROLE' => 'RESPONDER'
    'PHP_SELF' => '/index.php'
    'REQUEST_TIME_FLOAT' => 1529734145.7189
    'REQUEST_TIME' => 1529734145
]
2018-06-23 14:09:05 [127.0.0.1][-][bs2tq7hktf93bc31790fe750m4][error][yii\web\HttpException:404] yii\base\InvalidRouteException: Unable to resolve the request "index/image/logo.png". in C:\Users\Administrator\Desktop\web\lottery\vendor\yiisoft\yii2\base\Module.php:537
Stack trace:
#0 C:\Users\Administrator\Desktop\web\lottery\vendor\yiisoft\yii2\web\Application.php(103): yii\base\Module->runAction('index/image/log...', Array)
#1 C:\Users\Administrator\Desktop\web\lottery\vendor\yiisoft\yii2\base\Application.php(386): yii\web\Application->handleRequest(Object(yii\web\Request))
#2 C:\Users\Administrator\Desktop\web\lottery\frontend\web\index.php(18): yii\base\Application->run()
#3 {main}

Next yii\web\NotFoundHttpException: Page not found. in C:\Users\Administrator\Desktop\web\lottery\vendor\yiisoft\yii2\web\Application.php:115
Stack trace:
#0 C:\Users\Administrator\Desktop\web\lottery\vendor\yiisoft\yii2\base\Application.php(386): yii\web\Application->handleRequest(Object(yii\web\Request))
#1 C:\Users\Administrator\Desktop\web\lottery\frontend\web\index.php(18): yii\base\Application->run()
#2 {main}
2018-06-23 14:09:05 [127.0.0.1][-][bs2tq7hktf93bc31790fe750m4][info][application] $_GET = []

$_POST = []

$_FILES = []

$_COOKIE = [
    'advanced-frontend' => 'bs2tq7hktf93bc31790fe750m4'
    '_csrf-frontend' => '9301ddd94d5df4f615fc7aad75c97e4bf194b6a1bd1cd41a37fe240b5cce11a0a:2:{i:0;s:14:\"_csrf-frontend\";i:1;s:32:\"dzUfDE76TpLl3gVkAyBXr5K27vsiWZcT\";}'
]

$_SESSION = [
    '__flash' => []
]

$_SERVER = [
    'PATH' => 'C:\\Windows\\system32;C:\\Windows;C:\\Windows\\System32\\Wbem;C:\\Windows\\System32\\WindowsPowerShell\\v1.0\\;C:\\Program Files\\Git\\cmd;C:\\Program Files\\TortoiseGit\\bin;D:\\phpStudy\\php\\php-7.0.12-nts;C:\\ProgramData\\ComposerSetup\\bin;C:\\Program Files\\nodejs\\;C:\\Program Files (x86)\\Skype\\Phone\\;C:\\Users\\Administrator\\AppData\\Local\\Microsoft\\WindowsApps;C:\\Users\\Administrator\\AppData\\Roaming\\Composer\\vendor\\bin;C:\\Users\\Administrator\\AppData\\Roaming\\npm'
    'SYSTEMROOT' => 'C:\\Windows'
    'COMSPEC' => 'C:\\Windows\\system32\\cmd.exe'
    'PATHEXT' => '.COM;.EXE;.BAT;.CMD;.VBS;.VBE;.JS;.JSE;.WSF;.WSH;.MSC'
    'WINDIR' => 'C:\\Windows'
    'PHP_FCGI_MAX_REQUESTS' => '1000'
    'PHPRC' => 'D:/phpStudy/php/php-7.0.12-nts/'
    '_FCGI_SHUTDOWN_EVENT_' => '2328'
    'SCRIPT_NAME' => '/index.php'
    'REQUEST_URI' => '/index/image/logo.png'
    'QUERY_STRING' => ''
    'REQUEST_METHOD' => 'GET'
    'SERVER_PROTOCOL' => 'HTTP/1.1'
    'GATEWAY_INTERFACE' => 'CGI/1.1'
    'REDIRECT_URL' => '/index/image/logo.png'
    'REMOTE_PORT' => '62838'
    'SCRIPT_FILENAME' => 'C:/Users/Administrator/Desktop/web/lottery/frontend/web/index.php'
    'SERVER_ADMIN' => 'admin@phpStudy.net'
    'CONTEXT_DOCUMENT_ROOT' => 'C:/Users/Administrator/Desktop/web/lottery/frontend/web'
    'CONTEXT_PREFIX' => ''
    'REQUEST_SCHEME' => 'http'
    'DOCUMENT_ROOT' => 'C:/Users/Administrator/Desktop/web/lottery/frontend/web'
    'REMOTE_ADDR' => '127.0.0.1'
    'SERVER_PORT' => '80'
    'SERVER_ADDR' => '127.0.0.1'
    'SERVER_NAME' => 'www.shy.com'
    'SERVER_SOFTWARE' => 'Apache/2.4.23 (Win32) OpenSSL/1.0.2j mod_fcgid/2.3.9'
    'SERVER_SIGNATURE' => ''
    'SystemRoot' => 'C:\\Windows'
    'HTTP_COOKIE' => 'advanced-frontend=bs2tq7hktf93bc31790fe750m4; _csrf-frontend=9301ddd94d5df4f615fc7aad75c97e4bf194b6a1bd1cd41a37fe240b5cce11a0a%3A2%3A%7Bi%3A0%3Bs%3A14%3A%22_csrf-frontend%22%3Bi%3A1%3Bs%3A32%3A%22dzUfDE76TpLl3gVkAyBXr5K27vsiWZcT%22%3B%7D'
    'HTTP_ACCEPT_LANGUAGE' => 'zh-CN,zh;q=0.9'
    'HTTP_ACCEPT_ENCODING' => 'gzip, deflate'
    'HTTP_REFERER' => 'http://www.shy.com/index/index'
    'HTTP_ACCEPT' => 'image/webp,image/apng,image/*,*/*;q=0.8'
    'HTTP_USER_AGENT' => 'Mozilla/5.0 (Windows NT 10.0; WOW64) AppleWebKit/537.36 (KHTML, like Gecko) Chrome/67.0.3396.62 Safari/537.36'
    'HTTP_CONNECTION' => 'close'
    'HTTP_HOST' => 'www.shy.com'
    'REDIRECT_STATUS' => '200'
    'FCGI_ROLE' => 'RESPONDER'
    'PHP_SELF' => '/index.php'
    'REQUEST_TIME_FLOAT' => 1529734145.7873
    'REQUEST_TIME' => 1529734145
]
2018-06-23 14:09:05 [127.0.0.1][-][bs2tq7hktf93bc31790fe750m4][error][yii\web\HttpException:404] yii\base\InvalidRouteException: Unable to resolve the request "index/css/index.css". in C:\Users\Administrator\Desktop\web\lottery\vendor\yiisoft\yii2\base\Module.php:537
Stack trace:
#0 C:\Users\Administrator\Desktop\web\lottery\vendor\yiisoft\yii2\web\Application.php(103): yii\base\Module->runAction('index/css/index...', Array)
#1 C:\Users\Administrator\Desktop\web\lottery\vendor\yiisoft\yii2\base\Application.php(386): yii\web\Application->handleRequest(Object(yii\web\Request))
#2 C:\Users\Administrator\Desktop\web\lottery\frontend\web\index.php(18): yii\base\Application->run()
#3 {main}

Next yii\web\NotFoundHttpException: Page not found. in C:\Users\Administrator\Desktop\web\lottery\vendor\yiisoft\yii2\web\Application.php:115
Stack trace:
#0 C:\Users\Administrator\Desktop\web\lottery\vendor\yiisoft\yii2\base\Application.php(386): yii\web\Application->handleRequest(Object(yii\web\Request))
#1 C:\Users\Administrator\Desktop\web\lottery\frontend\web\index.php(18): yii\base\Application->run()
#2 {main}
2018-06-23 14:09:05 [127.0.0.1][-][bs2tq7hktf93bc31790fe750m4][info][application] $_GET = []

$_POST = []

$_FILES = []

$_COOKIE = [
    'advanced-frontend' => 'bs2tq7hktf93bc31790fe750m4'
    '_csrf-frontend' => '9301ddd94d5df4f615fc7aad75c97e4bf194b6a1bd1cd41a37fe240b5cce11a0a:2:{i:0;s:14:\"_csrf-frontend\";i:1;s:32:\"dzUfDE76TpLl3gVkAyBXr5K27vsiWZcT\";}'
]

$_SESSION = [
    '__flash' => []
]

$_SERVER = [
    'PATH' => 'C:\\Windows\\system32;C:\\Windows;C:\\Windows\\System32\\Wbem;C:\\Windows\\System32\\WindowsPowerShell\\v1.0\\;C:\\Program Files\\Git\\cmd;C:\\Program Files\\TortoiseGit\\bin;D:\\phpStudy\\php\\php-7.0.12-nts;C:\\ProgramData\\ComposerSetup\\bin;C:\\Program Files\\nodejs\\;C:\\Program Files (x86)\\Skype\\Phone\\;C:\\Users\\Administrator\\AppData\\Local\\Microsoft\\WindowsApps;C:\\Users\\Administrator\\AppData\\Roaming\\Composer\\vendor\\bin;C:\\Users\\Administrator\\AppData\\Roaming\\npm'
    'SYSTEMROOT' => 'C:\\Windows'
    'COMSPEC' => 'C:\\Windows\\system32\\cmd.exe'
    'PATHEXT' => '.COM;.EXE;.BAT;.CMD;.VBS;.VBE;.JS;.JSE;.WSF;.WSH;.MSC'
    'WINDIR' => 'C:\\Windows'
    'PHP_FCGI_MAX_REQUESTS' => '1000'
    'PHPRC' => 'D:/phpStudy/php/php-7.0.12-nts/'
    '_FCGI_SHUTDOWN_EVENT_' => '2300'
    'SCRIPT_NAME' => '/index.php'
    'REQUEST_URI' => '/index/css/index.css'
    'QUERY_STRING' => ''
    'REQUEST_METHOD' => 'GET'
    'SERVER_PROTOCOL' => 'HTTP/1.1'
    'GATEWAY_INTERFACE' => 'CGI/1.1'
    'REDIRECT_URL' => '/index/css/index.css'
    'REMOTE_PORT' => '62835'
    'SCRIPT_FILENAME' => 'C:/Users/Administrator/Desktop/web/lottery/frontend/web/index.php'
    'SERVER_ADMIN' => 'admin@phpStudy.net'
    'CONTEXT_DOCUMENT_ROOT' => 'C:/Users/Administrator/Desktop/web/lottery/frontend/web'
    'CONTEXT_PREFIX' => ''
    'REQUEST_SCHEME' => 'http'
    'DOCUMENT_ROOT' => 'C:/Users/Administrator/Desktop/web/lottery/frontend/web'
    'REMOTE_ADDR' => '127.0.0.1'
    'SERVER_PORT' => '80'
    'SERVER_ADDR' => '127.0.0.1'
    'SERVER_NAME' => 'www.shy.com'
    'SERVER_SOFTWARE' => 'Apache/2.4.23 (Win32) OpenSSL/1.0.2j mod_fcgid/2.3.9'
    'SERVER_SIGNATURE' => ''
    'SystemRoot' => 'C:\\Windows'
    'HTTP_COOKIE' => 'advanced-frontend=bs2tq7hktf93bc31790fe750m4; _csrf-frontend=9301ddd94d5df4f615fc7aad75c97e4bf194b6a1bd1cd41a37fe240b5cce11a0a%3A2%3A%7Bi%3A0%3Bs%3A14%3A%22_csrf-frontend%22%3Bi%3A1%3Bs%3A32%3A%22dzUfDE76TpLl3gVkAyBXr5K27vsiWZcT%22%3B%7D'
    'HTTP_ACCEPT_LANGUAGE' => 'zh-CN,zh;q=0.9'
    'HTTP_ACCEPT_ENCODING' => 'gzip, deflate'
    'HTTP_REFERER' => 'http://www.shy.com/index/index'
    'HTTP_ACCEPT' => 'text/css,*/*;q=0.1'
    'HTTP_USER_AGENT' => 'Mozilla/5.0 (Windows NT 10.0; WOW64) AppleWebKit/537.36 (KHTML, like Gecko) Chrome/67.0.3396.62 Safari/537.36'
    'HTTP_CONNECTION' => 'close'
    'HTTP_HOST' => 'www.shy.com'
    'REDIRECT_STATUS' => '200'
    'FCGI_ROLE' => 'RESPONDER'
    'PHP_SELF' => '/index.php'
    'REQUEST_TIME_FLOAT' => 1529734145.8894
    'REQUEST_TIME' => 1529734145
]
2018-06-26 17:05:09 [127.0.0.1][-][ddpklopfaco3i69obc3ht6i2h0][error][yii\base\ErrorException:64] yii\base\ErrorException: Namespace declaration statement has to be the very first statement or after any declare call in the script in C:\Users\Administrator\Desktop\web\lottery\frontend\controllers\RedisController.php:10
Stack trace:
#0 [internal function]: yii\base\ErrorHandler->handleFatalError()
#1 {main}
2018-06-26 17:05:09 [127.0.0.1][-][ddpklopfaco3i69obc3ht6i2h0][info][application] $_GET = []

$_POST = [
    'color_id' => '66'
]

$_FILES = []

$_COOKIE = [
    'advanced-frontend' => 'ddpklopfaco3i69obc3ht6i2h0'
    '_csrf-frontend' => 'f596a53086fc5e17a0a0d5b239369c7dd0dc728eb5f4552c28e2bd405762f96ca:2:{i:0;s:14:\"_csrf-frontend\";i:1;s:32:\"AffdIX3je4Hfi7Ug-P1L7bbeT0KvvHhl\";}'
]

$_SESSION = [
    '__flash' => []
]

$_SERVER = [
    'PATH' => 'C:\\Windows\\system32;C:\\Windows;C:\\Windows\\System32\\Wbem;C:\\Windows\\System32\\WindowsPowerShell\\v1.0\\;C:\\Program Files\\Git\\cmd;C:\\Program Files\\TortoiseGit\\bin;D:\\phpStudy\\php\\php-7.0.12-nts;C:\\ProgramData\\ComposerSetup\\bin;C:\\Program Files\\nodejs\\;C:\\Program Files (x86)\\Skype\\Phone\\;C:\\Program Files\\TortoiseSVN\\bin;C:\\Users\\Administrator\\AppData\\Local\\Microsoft\\WindowsApps;C:\\Users\\Administrator\\AppData\\Roaming\\Composer\\vendor\\bin;C:\\Users\\Administrator\\AppData\\Roaming\\npm'
    'SYSTEMROOT' => 'C:\\Windows'
    'COMSPEC' => 'C:\\Windows\\system32\\cmd.exe'
    'PATHEXT' => '.COM;.EXE;.BAT;.CMD;.VBS;.VBE;.JS;.JSE;.WSF;.WSH;.MSC'
    'WINDIR' => 'C:\\Windows'
    'PHP_FCGI_MAX_REQUESTS' => '1000'
    'PHPRC' => 'D:/phpStudy/php/php-7.0.12-nts/'
    '_FCGI_SHUTDOWN_EVENT_' => '2200'
    'SCRIPT_NAME' => '/index.php'
    'REQUEST_URI' => '/redis/redis'
    'QUERY_STRING' => ''
    'REQUEST_METHOD' => 'POST'
    'SERVER_PROTOCOL' => 'HTTP/1.1'
    'GATEWAY_INTERFACE' => 'CGI/1.1'
    'REDIRECT_URL' => '/redis/redis'
    'REMOTE_PORT' => '64560'
    'SCRIPT_FILENAME' => 'C:/Users/Administrator/Desktop/web/lottery/frontend/web/index.php'
    'SERVER_ADMIN' => 'admin@phpStudy.net'
    'CONTEXT_DOCUMENT_ROOT' => 'C:/Users/Administrator/Desktop/web/lottery/frontend/web'
    'CONTEXT_PREFIX' => ''
    'REQUEST_SCHEME' => 'http'
    'DOCUMENT_ROOT' => 'C:/Users/Administrator/Desktop/web/lottery/frontend/web'
    'REMOTE_ADDR' => '127.0.0.1'
    'SERVER_PORT' => '80'
    'SERVER_ADDR' => '127.0.0.1'
    'SERVER_NAME' => 'www.yii2.com'
    'SERVER_SOFTWARE' => 'Apache/2.4.23 (Win32) OpenSSL/1.0.2j mod_fcgid/2.3.9'
    'SERVER_SIGNATURE' => ''
    'SystemRoot' => 'C:\\Windows'
    'HTTP_CONNECTION' => 'close'
    'CONTENT_LENGTH' => '165'
    'CONTENT_TYPE' => 'multipart/form-data; boundary=--------------------------130309194814341636266156'
    'HTTP_ACCEPT_ENCODING' => 'gzip, deflate'
    'HTTP_COOKIE' => 'advanced-frontend=ddpklopfaco3i69obc3ht6i2h0; _csrf-frontend=f596a53086fc5e17a0a0d5b239369c7dd0dc728eb5f4552c28e2bd405762f96ca%3A2%3A%7Bi%3A0%3Bs%3A14%3A%22_csrf-frontend%22%3Bi%3A1%3Bs%3A32%3A%22AffdIX3je4Hfi7Ug-P1L7bbeT0KvvHhl%22%3B%7D'
    'HTTP_HOST' => 'www.yii2.com'
    'HTTP_ACCEPT' => '*/*'
    'HTTP_USER_AGENT' => 'PostmanRuntime/7.1.5'
    'HTTP_POSTMAN_TOKEN' => 'bc6f7b03-3a32-4af7-9850-b3340ab9d078'
    'HTTP_CACHE_CONTROL' => 'no-cache'
    'REDIRECT_STATUS' => '200'
    'FCGI_ROLE' => 'RESPONDER'
    'PHP_SELF' => '/index.php'
    'REQUEST_TIME_FLOAT' => 1530003909.0163
    'REQUEST_TIME' => 1530003909
]
2018-06-26 17:05:10 [127.0.0.1][-][ddpklopfaco3i69obc3ht6i2h0][error][yii\base\ErrorException:64] yii\base\ErrorException: Namespace declaration statement has to be the very first statement or after any declare call in the script in C:\Users\Administrator\Desktop\web\lottery\frontend\controllers\RedisController.php:10
Stack trace:
#0 [internal function]: yii\base\ErrorHandler->handleFatalError()
#1 {main}
2018-06-26 17:05:10 [127.0.0.1][-][ddpklopfaco3i69obc3ht6i2h0][info][application] $_GET = []

$_POST = [
    'color_id' => '66'
]

$_FILES = []

$_COOKIE = [
    'advanced-frontend' => 'ddpklopfaco3i69obc3ht6i2h0'
    '_csrf-frontend' => 'f596a53086fc5e17a0a0d5b239369c7dd0dc728eb5f4552c28e2bd405762f96ca:2:{i:0;s:14:\"_csrf-frontend\";i:1;s:32:\"AffdIX3je4Hfi7Ug-P1L7bbeT0KvvHhl\";}'
]

$_SESSION = [
    '__flash' => []
]

$_SERVER = [
    'PATH' => 'C:\\Windows\\system32;C:\\Windows;C:\\Windows\\System32\\Wbem;C:\\Windows\\System32\\WindowsPowerShell\\v1.0\\;C:\\Program Files\\Git\\cmd;C:\\Program Files\\TortoiseGit\\bin;D:\\phpStudy\\php\\php-7.0.12-nts;C:\\ProgramData\\ComposerSetup\\bin;C:\\Program Files\\nodejs\\;C:\\Program Files (x86)\\Skype\\Phone\\;C:\\Program Files\\TortoiseSVN\\bin;C:\\Users\\Administrator\\AppData\\Local\\Microsoft\\WindowsApps;C:\\Users\\Administrator\\AppData\\Roaming\\Composer\\vendor\\bin;C:\\Users\\Administrator\\AppData\\Roaming\\npm'
    'SYSTEMROOT' => 'C:\\Windows'
    'COMSPEC' => 'C:\\Windows\\system32\\cmd.exe'
    'PATHEXT' => '.COM;.EXE;.BAT;.CMD;.VBS;.VBE;.JS;.JSE;.WSF;.WSH;.MSC'
    'WINDIR' => 'C:\\Windows'
    'PHP_FCGI_MAX_REQUESTS' => '1000'
    'PHPRC' => 'D:/phpStudy/php/php-7.0.12-nts/'
    '_FCGI_SHUTDOWN_EVENT_' => '2200'
    'SCRIPT_NAME' => '/index.php'
    'REQUEST_URI' => '/redis/redis'
    'QUERY_STRING' => ''
    'REQUEST_METHOD' => 'POST'
    'SERVER_PROTOCOL' => 'HTTP/1.1'
    'GATEWAY_INTERFACE' => 'CGI/1.1'
    'REDIRECT_URL' => '/redis/redis'
    'REMOTE_PORT' => '64564'
    'SCRIPT_FILENAME' => 'C:/Users/Administrator/Desktop/web/lottery/frontend/web/index.php'
    'SERVER_ADMIN' => 'admin@phpStudy.net'
    'CONTEXT_DOCUMENT_ROOT' => 'C:/Users/Administrator/Desktop/web/lottery/frontend/web'
    'CONTEXT_PREFIX' => ''
    'REQUEST_SCHEME' => 'http'
    'DOCUMENT_ROOT' => 'C:/Users/Administrator/Desktop/web/lottery/frontend/web'
    'REMOTE_ADDR' => '127.0.0.1'
    'SERVER_PORT' => '80'
    'SERVER_ADDR' => '127.0.0.1'
    'SERVER_NAME' => 'www.yii2.com'
    'SERVER_SOFTWARE' => 'Apache/2.4.23 (Win32) OpenSSL/1.0.2j mod_fcgid/2.3.9'
    'SERVER_SIGNATURE' => ''
    'SystemRoot' => 'C:\\Windows'
    'HTTP_CONNECTION' => 'close'
    'CONTENT_LENGTH' => '165'
    'CONTENT_TYPE' => 'multipart/form-data; boundary=--------------------------328219124183730371874290'
    'HTTP_ACCEPT_ENCODING' => 'gzip, deflate'
    'HTTP_COOKIE' => 'advanced-frontend=ddpklopfaco3i69obc3ht6i2h0; _csrf-frontend=f596a53086fc5e17a0a0d5b239369c7dd0dc728eb5f4552c28e2bd405762f96ca%3A2%3A%7Bi%3A0%3Bs%3A14%3A%22_csrf-frontend%22%3Bi%3A1%3Bs%3A32%3A%22AffdIX3je4Hfi7Ug-P1L7bbeT0KvvHhl%22%3B%7D'
    'HTTP_HOST' => 'www.yii2.com'
    'HTTP_ACCEPT' => '*/*'
    'HTTP_USER_AGENT' => 'PostmanRuntime/7.1.5'
    'HTTP_POSTMAN_TOKEN' => 'b4799289-9345-4a48-8ee7-05a5e2421b33'
    'HTTP_CACHE_CONTROL' => 'no-cache'
    'REDIRECT_STATUS' => '200'
    'FCGI_ROLE' => 'RESPONDER'
    'PHP_SELF' => '/index.php'
    'REQUEST_TIME_FLOAT' => 1530003910.4195
    'REQUEST_TIME' => 1530003910
]
